{"C:\\Users\\alessandaramos\\Downloads\\alessandraramos062184-master\\src\\components\\Pagination.tsx": {"path":"C:\\Users\\alessandaramos\\Downloads\\alessandraramos062184-master\\src\\components\\Pagination.tsx","statementMap":{"0":{"start":{"line":11,"column":2},"end":{"line":73,"column":null}},"1":{"start":{"line":15,"column":23},"end":{"line":15,"column":null}},"2":{"start":{"line":25,"column":54},"end":{"line":25,"column":59}},"3":{"start":{"line":27,"column":25},"end":{"line":27,"column":null}},"4":{"start":{"line":28,"column":12},"end":{"line":28,"column":null}},"5":{"start":{"line":31,"column":12},"end":{"line":47,"column":null}},"6":{"start":{"line":32,"column":14},"end":{"line":45,"column":null}},"7":{"start":{"line":36,"column":35},"end":{"line":36,"column":null}},"8":{"start":{"line":48,"column":12},"end":{"line":59,"column":null}},"9":{"start":{"line":51,"column":31},"end":{"line":51,"column":null}},"10":{"start":{"line":66,"column":23},"end":{"line":66,"column":null}}},"fnMap":{"0":{"name":"Pagination","decl":{"start":{"line":10,"column":16},"end":{"line":10,"column":27}},"loc":{"start":{"line":10,"column":87},"end":{"line":75,"column":null}},"line":10},"1":{"name":"(anonymous_1)","decl":{"start":{"line":15,"column":17},"end":{"line":15,"column":23}},"loc":{"start":{"line":15,"column":23},"end":{"line":15,"column":null}},"line":15},"2":{"name":"(anonymous_2)","decl":{"start":{"line":25,"column":44},"end":{"line":25,"column":45}},"loc":{"start":{"line":25,"column":54},"end":{"line":25,"column":59}},"line":25},"3":{"name":"(anonymous_3)","decl":{"start":{"line":26,"column":18},"end":{"line":26,"column":19}},"loc":{"start":{"line":26,"column":28},"end":{"line":29,"column":11}},"line":26},"4":{"name":"(anonymous_4)","decl":{"start":{"line":30,"column":15},"end":{"line":30,"column":16}},"loc":{"start":{"line":30,"column":37},"end":{"line":61,"column":11}},"line":30},"5":{"name":"(anonymous_5)","decl":{"start":{"line":36,"column":29},"end":{"line":36,"column":35}},"loc":{"start":{"line":36,"column":35},"end":{"line":36,"column":null}},"line":36},"6":{"name":"(anonymous_6)","decl":{"start":{"line":51,"column":25},"end":{"line":51,"column":31}},"loc":{"start":{"line":51,"column":31},"end":{"line":51,"column":null}},"line":51},"7":{"name":"(anonymous_7)","decl":{"start":{"line":66,"column":17},"end":{"line":66,"column":23}},"loc":{"start":{"line":66,"column":23},"end":{"line":66,"column":null}},"line":66}},"branchMap":{"0":{"loc":{"start":{"line":28,"column":19},"end":{"line":28,"column":null}},"type":"binary-expr","locations":[{"start":{"line":28,"column":19},"end":{"line":28,"column":33}},{"start":{"line":28,"column":33},"end":{"line":28,"column":47}},{"start":{"line":28,"column":47},"end":{"line":28,"column":61}},{"start":{"line":28,"column":61},"end":{"line":28,"column":null}}],"line":28},"1":{"loc":{"start":{"line":31,"column":12},"end":{"line":47,"column":null}},"type":"if","locations":[{"start":{"line":31,"column":12},"end":{"line":47,"column":null}},{"start":{},"end":{}}],"line":31},"2":{"loc":{"start":{"line":31,"column":16},"end":{"line":31,"column":58}},"type":"binary-expr","locations":[{"start":{"line":31,"column":16},"end":{"line":31,"column":29}},{"start":{"line":31,"column":29},"end":{"line":31,"column":58}}],"line":31},"3":{"loc":{"start":{"line":38,"column":22},"end":{"line":40,"column":null}},"type":"cond-expr","locations":[{"start":{"line":39,"column":26},"end":{"line":39,"column":null}},{"start":{"line":40,"column":26},"end":{"line":40,"column":null}}],"line":38},"4":{"loc":{"start":{"line":53,"column":18},"end":{"line":55,"column":null}},"type":"cond-expr","locations":[{"start":{"line":54,"column":22},"end":{"line":54,"column":null}},{"start":{"line":55,"column":22},"end":{"line":55,"column":null}}],"line":53}},"s":{"0":6,"1":0,"2":31,"3":31,"4":31,"5":23,"6":5,"7":0,"8":18,"9":1,"10":0},"f":{"0":6,"1":0,"2":31,"3":31,"4":23,"5":0,"6":1,"7":0},"b":{"0":[31,25,15,13],"1":[5,18],"2":[23,17],"3":[0,5],"4":[6,12]},"meta":{"lastBranch":5,"lastFunction":8,"lastStatement":11,"seen":{"f:10:16:10:27":0,"s:11:2:73:Infinity":0,"f:15:17:15:23":1,"s:15:23:15:Infinity":1,"f:25:44:25:45":2,"s:25:54:25:59":2,"f:26:18:26:19":3,"s:27:25:27:Infinity":3,"s:28:12:28:Infinity":4,"b:28:19:28:33:28:33:28:47:28:47:28:61:28:61:28:Infinity":0,"f:30:15:30:16":4,"b:31:12:47:Infinity:undefined:undefined:undefined:undefined":1,"s:31:12:47:Infinity":5,"b:31:16:31:29:31:29:31:58":2,"s:32:14:45:Infinity":6,"f:36:29:36:35":5,"s:36:35:36:Infinity":7,"b:39:26:39:Infinity:40:26:40:Infinity":3,"s:48:12:59:Infinity":8,"f:51:25:51:31":6,"s:51:31:51:Infinity":9,"b:54:22:54:Infinity:55:22:55:Infinity":4,"f:66:17:66:23":7,"s:66:23:66:Infinity":10}}}
,"C:\\Users\\alessandaramos\\Downloads\\alessandraramos062184-master\\src\\components\\PetCard.tsx": {"path":"C:\\Users\\alessandaramos\\Downloads\\alessandraramos062184-master\\src\\components\\PetCard.tsx","statementMap":{"0":{"start":{"line":11,"column":8},"end":{"line":34,"column":null}},"1":{"start":{"line":12,"column":27},"end":{"line":12,"column":null}},"2":{"start":{"line":13,"column":20},"end":{"line":13,"column":null}},"3":{"start":{"line":15,"column":4},"end":{"line":17,"column":null}},"4":{"start":{"line":16,"column":6},"end":{"line":16,"column":null}},"5":{"start":{"line":19,"column":4},"end":{"line":31,"column":null}},"6":{"start":{"line":21,"column":6},"end":{"line":23,"column":null}},"7":{"start":{"line":22,"column":8},"end":{"line":22,"column":null}},"8":{"start":{"line":25,"column":6},"end":{"line":30,"column":null}},"9":{"start":{"line":26,"column":14},"end":{"line":26,"column":null}},"10":{"start":{"line":27,"column":8},"end":{"line":29,"column":null}},"11":{"start":{"line":28,"column":10},"end":{"line":28,"column":null}},"12":{"start":{"line":33,"column":4},"end":{"line":33,"column":null}},"13":{"start":{"line":36,"column":21},"end":{"line":44,"column":null}},"14":{"start":{"line":37,"column":14},"end":{"line":37,"column":null}},"15":{"start":{"line":38,"column":4},"end":{"line":38,"column":null}},"16":{"start":{"line":38,"column":36},"end":{"line":38,"column":null}},"17":{"start":{"line":39,"column":4},"end":{"line":39,"column":null}},"18":{"start":{"line":39,"column":33},"end":{"line":39,"column":null}},"19":{"start":{"line":40,"column":4},"end":{"line":40,"column":null}},"20":{"start":{"line":40,"column":33},"end":{"line":40,"column":null}},"21":{"start":{"line":41,"column":4},"end":{"line":41,"column":null}},"22":{"start":{"line":41,"column":31},"end":{"line":41,"column":null}},"23":{"start":{"line":42,"column":4},"end":{"line":42,"column":null}},"24":{"start":{"line":42,"column":31},"end":{"line":42,"column":null}},"25":{"start":{"line":43,"column":4},"end":{"line":43,"column":null}},"26":{"start":{"line":46,"column":25},"end":{"line":46,"column":null}},"27":{"start":{"line":47,"column":2},"end":{"line":50,"column":null}},"28":{"start":{"line":49,"column":4},"end":{"line":49,"column":null}},"29":{"start":{"line":52,"column":2},"end":{"line":113,"column":null}},"30":{"start":{"line":63,"column":31},"end":{"line":63,"column":null}},"31":{"start":{"line":64,"column":16},"end":{"line":64,"column":null}},"32":{"start":{"line":65,"column":16},"end":{"line":65,"column":null}},"33":{"start":{"line":66,"column":33},"end":{"line":66,"column":null}},"34":{"start":{"line":67,"column":16},"end":{"line":67,"column":null}},"35":{"start":{"line":68,"column":16},"end":{"line":68,"column":null}},"36":{"start":{"line":69,"column":16},"end":{"line":69,"column":null}}},"fnMap":{"0":{"name":"PetCard","decl":{"start":{"line":9,"column":16},"end":{"line":9,"column":24}},"loc":{"start":{"line":9,"column":47},"end":{"line":115,"column":null}},"line":9},"1":{"name":"(anonymous_1)","decl":{"start":{"line":11,"column":26},"end":{"line":11,"column":32}},"loc":{"start":{"line":11,"column":32},"end":{"line":34,"column":5}},"line":11},"2":{"name":"(anonymous_2)","decl":{"start":{"line":36,"column":21},"end":{"line":36,"column":27}},"loc":{"start":{"line":36,"column":27},"end":{"line":44,"column":null}},"line":36},"3":{"name":"(anonymous_3)","decl":{"start":{"line":62,"column":23},"end":{"line":62,"column":28}},"loc":{"start":{"line":62,"column":28},"end":{"line":70,"column":null}},"line":62}},"branchMap":{"0":{"loc":{"start":{"line":12,"column":27},"end":{"line":12,"column":null}},"type":"cond-expr","locations":[{"start":{"line":12,"column":67},"end":{"line":12,"column":84}},{"start":{"line":12,"column":84},"end":{"line":12,"column":null}}],"line":12},"1":{"loc":{"start":{"line":12,"column":27},"end":{"line":12,"column":67}},"type":"binary-expr","locations":[{"start":{"line":12,"column":27},"end":{"line":12,"column":42}},{"start":{"line":12,"column":42},"end":{"line":12,"column":67}}],"line":12},"2":{"loc":{"start":{"line":15,"column":4},"end":{"line":17,"column":null}},"type":"if","locations":[{"start":{"line":15,"column":4},"end":{"line":17,"column":null}},{"start":{},"end":{}}],"line":15},"3":{"loc":{"start":{"line":15,"column":8},"end":{"line":15,"column":71}},"type":"binary-expr","locations":[{"start":{"line":15,"column":8},"end":{"line":15,"column":31}},{"start":{"line":15,"column":31},"end":{"line":15,"column":71}}],"line":15},"4":{"loc":{"start":{"line":16,"column":13},"end":{"line":16,"column":null}},"type":"cond-expr","locations":[{"start":{"line":16,"column":53},"end":{"line":16,"column":74}},{"start":{"line":16,"column":74},"end":{"line":16,"column":null}}],"line":16},"5":{"loc":{"start":{"line":19,"column":4},"end":{"line":31,"column":null}},"type":"if","locations":[{"start":{"line":19,"column":4},"end":{"line":31,"column":null}},{"start":{},"end":{}}],"line":19},"6":{"loc":{"start":{"line":21,"column":6},"end":{"line":23,"column":null}},"type":"if","locations":[{"start":{"line":21,"column":6},"end":{"line":23,"column":null}},{"start":{},"end":{}}],"line":21},"7":{"loc":{"start":{"line":22,"column":15},"end":{"line":22,"column":null}},"type":"cond-expr","locations":[{"start":{"line":22,"column":45},"end":{"line":22,"column":56}},{"start":{"line":22,"column":56},"end":{"line":22,"column":null}}],"line":22},"8":{"loc":{"start":{"line":25,"column":6},"end":{"line":30,"column":null}},"type":"if","locations":[{"start":{"line":25,"column":6},"end":{"line":30,"column":null}},{"start":{},"end":{}}],"line":25},"9":{"loc":{"start":{"line":26,"column":26},"end":{"line":26,"column":80}},"type":"binary-expr","locations":[{"start":{"line":26,"column":26},"end":{"line":26,"column":51}},{"start":{"line":26,"column":51},"end":{"line":26,"column":76}},{"start":{"line":26,"column":76},"end":{"line":26,"column":80}}],"line":26},"10":{"loc":{"start":{"line":27,"column":8},"end":{"line":29,"column":null}},"type":"if","locations":[{"start":{"line":27,"column":8},"end":{"line":29,"column":null}},{"start":{},"end":{}}],"line":27},"11":{"loc":{"start":{"line":28,"column":17},"end":{"line":28,"column":null}},"type":"cond-expr","locations":[{"start":{"line":28,"column":46},"end":{"line":28,"column":56}},{"start":{"line":28,"column":56},"end":{"line":28,"column":null}}],"line":28},"12":{"loc":{"start":{"line":38,"column":4},"end":{"line":38,"column":null}},"type":"if","locations":[{"start":{"line":38,"column":4},"end":{"line":38,"column":null}},{"start":{},"end":{}}],"line":38},"13":{"loc":{"start":{"line":38,"column":8},"end":{"line":38,"column":36}},"type":"binary-expr","locations":[{"start":{"line":38,"column":8},"end":{"line":38,"column":15}},{"start":{"line":38,"column":15},"end":{"line":38,"column":36}}],"line":38},"14":{"loc":{"start":{"line":39,"column":4},"end":{"line":39,"column":null}},"type":"if","locations":[{"start":{"line":39,"column":4},"end":{"line":39,"column":null}},{"start":{},"end":{}}],"line":39},"15":{"loc":{"start":{"line":39,"column":8},"end":{"line":39,"column":33}},"type":"binary-expr","locations":[{"start":{"line":39,"column":8},"end":{"line":39,"column":15}},{"start":{"line":39,"column":15},"end":{"line":39,"column":33}}],"line":39},"16":{"loc":{"start":{"line":40,"column":4},"end":{"line":40,"column":null}},"type":"if","locations":[{"start":{"line":40,"column":4},"end":{"line":40,"column":null}},{"start":{},"end":{}}],"line":40},"17":{"loc":{"start":{"line":40,"column":8},"end":{"line":40,"column":33}},"type":"binary-expr","locations":[{"start":{"line":40,"column":8},"end":{"line":40,"column":15}},{"start":{"line":40,"column":15},"end":{"line":40,"column":33}}],"line":40},"18":{"loc":{"start":{"line":41,"column":4},"end":{"line":41,"column":null}},"type":"if","locations":[{"start":{"line":41,"column":4},"end":{"line":41,"column":null}},{"start":{},"end":{}}],"line":41},"19":{"loc":{"start":{"line":42,"column":4},"end":{"line":42,"column":null}},"type":"if","locations":[{"start":{"line":42,"column":4},"end":{"line":42,"column":null}},{"start":{},"end":{}}],"line":42},"20":{"loc":{"start":{"line":42,"column":38},"end":{"line":42,"column":null}},"type":"binary-expr","locations":[{"start":{"line":42,"column":38},"end":{"line":42,"column":48}},{"start":{"line":42,"column":48},"end":{"line":42,"column":58}},{"start":{"line":42,"column":58},"end":{"line":42,"column":69}},{"start":{"line":42,"column":69},"end":{"line":42,"column":79}},{"start":{"line":42,"column":79},"end":{"line":42,"column":null}}],"line":42},"21":{"loc":{"start":{"line":47,"column":2},"end":{"line":50,"column":null}},"type":"if","locations":[{"start":{"line":47,"column":2},"end":{"line":50,"column":null}},{"start":{},"end":{}}],"line":47},"22":{"loc":{"start":{"line":57,"column":11},"end":{"line":75,"column":null}},"type":"cond-expr","locations":[{"start":{"line":58,"column":12},"end":{"line":71,"column":null}},{"start":{"line":73,"column":12},"end":{"line":75,"column":null}}],"line":57}},"s":{"0":11,"1":11,"2":11,"3":11,"4":1,"5":10,"6":9,"7":9,"8":0,"9":0,"10":0,"11":0,"12":1,"13":11,"14":11,"15":11,"16":0,"17":11,"18":0,"19":11,"20":0,"21":11,"22":10,"23":1,"24":1,"25":0,"26":11,"27":11,"28":0,"29":11,"30":0,"31":0,"32":0,"33":0,"34":0,"35":0,"36":0},"f":{"0":11,"1":11,"2":11,"3":0},"b":{"0":[1,10],"1":[11,1],"2":[1,10],"3":[11,1],"4":[1,0],"5":[9,1],"6":[9,0],"7":[9,0],"8":[0,0],"9":[0,0,0],"10":[0,0],"11":[0,0],"12":[0,11],"13":[11,0],"14":[0,11],"15":[11,0],"16":[0,11],"17":[11,0],"18":[10,1],"19":[1,0],"20":[1,0,0,0,0],"21":[0,11],"22":[10,1]},"meta":{"lastBranch":23,"lastFunction":4,"lastStatement":37,"seen":{"f:9:16:9:24":0,"s:11:8:34:Infinity":0,"f:11:26:11:32":1,"s:12:27:12:Infinity":1,"b:12:67:12:84:12:84:12:Infinity":0,"b:12:27:12:42:12:42:12:67":1,"s:13:20:13:Infinity":2,"b:15:4:17:Infinity:undefined:undefined:undefined:undefined":2,"s:15:4:17:Infinity":3,"b:15:8:15:31:15:31:15:71":3,"s:16:6:16:Infinity":4,"b:16:53:16:74:16:74:16:Infinity":4,"b:19:4:31:Infinity:undefined:undefined:undefined:undefined":5,"s:19:4:31:Infinity":5,"b:21:6:23:Infinity:undefined:undefined:undefined:undefined":6,"s:21:6:23:Infinity":6,"s:22:8:22:Infinity":7,"b:22:45:22:56:22:56:22:Infinity":7,"b:25:6:30:Infinity:undefined:undefined:undefined:undefined":8,"s:25:6:30:Infinity":8,"s:26:14:26:Infinity":9,"b:26:26:26:51:26:51:26:76:26:76:26:80":9,"b:27:8:29:Infinity:undefined:undefined:undefined:undefined":10,"s:27:8:29:Infinity":10,"s:28:10:28:Infinity":11,"b:28:46:28:56:28:56:28:Infinity":11,"s:33:4:33:Infinity":12,"s:36:21:44:Infinity":13,"f:36:21:36:27":2,"s:37:14:37:Infinity":14,"b:38:4:38:Infinity:undefined:undefined:undefined:undefined":12,"s:38:4:38:Infinity":15,"b:38:8:38:15:38:15:38:36":13,"s:38:36:38:Infinity":16,"b:39:4:39:Infinity:undefined:undefined:undefined:undefined":14,"s:39:4:39:Infinity":17,"b:39:8:39:15:39:15:39:33":15,"s:39:33:39:Infinity":18,"b:40:4:40:Infinity:undefined:undefined:undefined:undefined":16,"s:40:4:40:Infinity":19,"b:40:8:40:15:40:15:40:33":17,"s:40:33:40:Infinity":20,"b:41:4:41:Infinity:undefined:undefined:undefined:undefined":18,"s:41:4:41:Infinity":21,"s:41:31:41:Infinity":22,"b:42:4:42:Infinity:undefined:undefined:undefined:undefined":19,"s:42:4:42:Infinity":23,"s:42:31:42:Infinity":24,"b:42:38:42:48:42:48:42:58:42:58:42:69:42:69:42:79:42:79:42:Infinity":20,"s:43:4:43:Infinity":25,"s:46:25:46:Infinity":26,"b:47:2:50:Infinity:undefined:undefined:undefined:undefined":21,"s:47:2:50:Infinity":27,"s:49:4:49:Infinity":28,"s:52:2:113:Infinity":29,"b:58:12:71:Infinity:73:12:75:Infinity":22,"f:62:23:62:28":3,"s:63:31:63:Infinity":30,"s:64:16:64:Infinity":31,"s:65:16:65:Infinity":32,"s:66:33:66:Infinity":33,"s:67:16:67:Infinity":34,"s:68:16:68:Infinity":35,"s:69:16:69:Infinity":36}}}
,"C:\\Users\\alessandaramos\\Downloads\\alessandraramos062184-master\\src\\context\\AuthContext.tsx": {"path":"C:\\Users\\alessandaramos\\Downloads\\alessandraramos062184-master\\src\\context\\AuthContext.tsx","statementMap":{"0":{"start":{"line":11,"column":6},"end":{"line":11,"column":null}},"1":{"start":{"line":14,"column":44},"end":{"line":14,"column":null}},"2":{"start":{"line":15,"column":28},"end":{"line":15,"column":null}},"3":{"start":{"line":17,"column":2},"end":{"line":36,"column":null}},"4":{"start":{"line":19,"column":22},"end":{"line":19,"column":null}},"5":{"start":{"line":20,"column":4},"end":{"line":20,"column":null}},"6":{"start":{"line":23,"column":4},"end":{"line":33,"column":null}},"7":{"start":{"line":24,"column":6},"end":{"line":24,"column":null}},"8":{"start":{"line":25,"column":6},"end":{"line":25,"column":null}},"9":{"start":{"line":26,"column":6},"end":{"line":26,"column":null}},"10":{"start":{"line":27,"column":6},"end":{"line":27,"column":null}},"11":{"start":{"line":28,"column":4},"end":{"line":33,"column":null}},"12":{"start":{"line":30,"column":6},"end":{"line":30,"column":null}},"13":{"start":{"line":32,"column":6},"end":{"line":32,"column":null}},"14":{"start":{"line":35,"column":4},"end":{"line":35,"column":null}},"15":{"start":{"line":38,"column":16},"end":{"line":55,"column":null}},"16":{"start":{"line":39,"column":4},"end":{"line":39,"column":null}},"17":{"start":{"line":40,"column":4},"end":{"line":54,"column":null}},"18":{"start":{"line":42,"column":6},"end":{"line":42,"column":null}},"19":{"start":{"line":43,"column":6},"end":{"line":43,"column":null}},"20":{"start":{"line":46,"column":6},"end":{"line":51,"column":null}},"21":{"start":{"line":47,"column":8},"end":{"line":47,"column":null}},"22":{"start":{"line":48,"column":8},"end":{"line":48,"column":null}},"23":{"start":{"line":50,"column":8},"end":{"line":50,"column":null}},"24":{"start":{"line":53,"column":6},"end":{"line":53,"column":null}},"25":{"start":{"line":57,"column":17},"end":{"line":63,"column":null}},"26":{"start":{"line":58,"column":4},"end":{"line":58,"column":null}},"27":{"start":{"line":59,"column":4},"end":{"line":59,"column":null}},"28":{"start":{"line":60,"column":4},"end":{"line":60,"column":null}},"29":{"start":{"line":61,"column":4},"end":{"line":61,"column":null}},"30":{"start":{"line":62,"column":4},"end":{"line":62,"column":null}},"31":{"start":{"line":65,"column":2},"end":{"line":68,"column":null}},"32":{"start":{"line":73,"column":8},"end":{"line":73,"column":null}},"33":{"start":{"line":74,"column":2},"end":{"line":76,"column":null}},"34":{"start":{"line":75,"column":4},"end":{"line":75,"column":null}},"35":{"start":{"line":77,"column":2},"end":{"line":77,"column":null}}},"fnMap":{"0":{"name":"AuthProvider","decl":{"start":{"line":13,"column":16},"end":{"line":13,"column":29}},"loc":{"start":{"line":13,"column":74},"end":{"line":70,"column":null}},"line":13},"1":{"name":"(anonymous_1)","decl":{"start":{"line":17,"column":12},"end":{"line":17,"column":18}},"loc":{"start":{"line":17,"column":18},"end":{"line":36,"column":5}},"line":17},"2":{"name":"(anonymous_2)","decl":{"start":{"line":38,"column":16},"end":{"line":38,"column":23}},"loc":{"start":{"line":38,"column":61},"end":{"line":55,"column":null}},"line":38},"3":{"name":"(anonymous_3)","decl":{"start":{"line":57,"column":17},"end":{"line":57,"column":23}},"loc":{"start":{"line":57,"column":23},"end":{"line":63,"column":null}},"line":57},"4":{"name":"useAuth","decl":{"start":{"line":72,"column":16},"end":{"line":72,"column":26}},"loc":{"start":{"line":72,"column":26},"end":{"line":78,"column":null}},"line":72}},"branchMap":{"0":{"loc":{"start":{"line":23,"column":4},"end":{"line":33,"column":null}},"type":"if","locations":[{"start":{"line":23,"column":4},"end":{"line":33,"column":null}},{"start":{"line":28,"column":4},"end":{"line":33,"column":null}}],"line":23},"1":{"loc":{"start":{"line":23,"column":8},"end":{"line":23,"column":57}},"type":"binary-expr","locations":[{"start":{"line":23,"column":8},"end":{"line":23,"column":21}},{"start":{"line":23,"column":21},"end":{"line":23,"column":57}}],"line":23},"2":{"loc":{"start":{"line":28,"column":4},"end":{"line":33,"column":null}},"type":"if","locations":[{"start":{"line":28,"column":4},"end":{"line":33,"column":null}},{"start":{"line":31,"column":11},"end":{"line":33,"column":null}}],"line":28},"3":{"loc":{"start":{"line":46,"column":6},"end":{"line":51,"column":null}},"type":"if","locations":[{"start":{"line":46,"column":6},"end":{"line":51,"column":null}},{"start":{"line":49,"column":13},"end":{"line":51,"column":null}}],"line":46},"4":{"loc":{"start":{"line":46,"column":10},"end":{"line":46,"column":55}},"type":"binary-expr","locations":[{"start":{"line":46,"column":10},"end":{"line":46,"column":33}},{"start":{"line":46,"column":33},"end":{"line":46,"column":55}}],"line":46},"5":{"loc":{"start":{"line":74,"column":2},"end":{"line":76,"column":null}},"type":"if","locations":[{"start":{"line":74,"column":2},"end":{"line":76,"column":null}},{"start":{},"end":{}}],"line":74}},"s":{"0":1,"1":6,"2":6,"3":6,"4":3,"5":3,"6":3,"7":0,"8":0,"9":0,"10":0,"11":3,"12":0,"13":3,"14":3,"15":6,"16":0,"17":0,"18":0,"19":0,"20":0,"21":0,"22":0,"23":0,"24":0,"25":6,"26":0,"27":0,"28":0,"29":0,"30":0,"31":6,"32":6,"33":6,"34":0,"35":6},"f":{"0":6,"1":3,"2":0,"3":0,"4":6},"b":{"0":[0,3],"1":[3,0],"2":[0,3],"3":[0,0],"4":[0,0],"5":[0,6]},"meta":{"lastBranch":6,"lastFunction":5,"lastStatement":36,"seen":{"s:11:6:11:Infinity":0,"f:13:16:13:29":0,"s:14:44:14:Infinity":1,"s:15:28:15:Infinity":2,"s:17:2:36:Infinity":3,"f:17:12:17:18":1,"s:19:22:19:Infinity":4,"s:20:4:20:Infinity":5,"b:23:4:33:Infinity:28:4:33:Infinity":0,"s:23:4:33:Infinity":6,"b:23:8:23:21:23:21:23:57":1,"s:24:6:24:Infinity":7,"s:25:6:25:Infinity":8,"s:26:6:26:Infinity":9,"s:27:6:27:Infinity":10,"b:28:4:33:Infinity:31:11:33:Infinity":2,"s:28:4:33:Infinity":11,"s:30:6:30:Infinity":12,"s:32:6:32:Infinity":13,"s:35:4:35:Infinity":14,"s:38:16:55:Infinity":15,"f:38:16:38:23":2,"s:39:4:39:Infinity":16,"s:40:4:54:Infinity":17,"s:42:6:42:Infinity":18,"s:43:6:43:Infinity":19,"b:46:6:51:Infinity:49:13:51:Infinity":3,"s:46:6:51:Infinity":20,"b:46:10:46:33:46:33:46:55":4,"s:47:8:47:Infinity":21,"s:48:8:48:Infinity":22,"s:50:8:50:Infinity":23,"s:53:6:53:Infinity":24,"s:57:17:63:Infinity":25,"f:57:17:57:23":3,"s:58:4:58:Infinity":26,"s:59:4:59:Infinity":27,"s:60:4:60:Infinity":28,"s:61:4:61:Infinity":29,"s:62:4:62:Infinity":30,"s:65:2:68:Infinity":31,"f:72:16:72:26":4,"s:73:8:73:Infinity":32,"b:74:2:76:Infinity:undefined:undefined:undefined:undefined":5,"s:74:2:76:Infinity":33,"s:75:4:75:Infinity":34,"s:77:2:77:Infinity":35}}}
,"C:\\Users\\alessandaramos\\Downloads\\alessandraramos062184-master\\src\\services\\apiClient.ts": {"path":"C:\\Users\\alessandaramos\\Downloads\\alessandraramos062184-master\\src\\services\\apiClient.ts","statementMap":{"0":{"start":{"line":4,"column":21},"end":{"line":4,"column":null}},"1":{"start":{"line":7,"column":27},"end":{"line":7,"column":null}},"2":{"start":{"line":13,"column":4},"end":{"line":19,"column":null}},"3":{"start":{"line":22,"column":4},"end":{"line":31,"column":null}},"4":{"start":{"line":24,"column":22},"end":{"line":24,"column":null}},"5":{"start":{"line":25,"column":8},"end":{"line":27,"column":null}},"6":{"start":{"line":26,"column":10},"end":{"line":26,"column":null}},"7":{"start":{"line":28,"column":8},"end":{"line":28,"column":null}},"8":{"start":{"line":30,"column":17},"end":{"line":30,"column":null}},"9":{"start":{"line":34,"column":4},"end":{"line":77,"column":null}},"10":{"start":{"line":35,"column":20},"end":{"line":35,"column":null}},"11":{"start":{"line":37,"column":32},"end":{"line":37,"column":null}},"12":{"start":{"line":40,"column":8},"end":{"line":73,"column":null}},"13":{"start":{"line":41,"column":10},"end":{"line":41,"column":null}},"14":{"start":{"line":42,"column":10},"end":{"line":68,"column":null}},"15":{"start":{"line":43,"column":33},"end":{"line":43,"column":null}},"16":{"start":{"line":44,"column":12},"end":{"line":65,"column":null}},"17":{"start":{"line":45,"column":14},"end":{"line":45,"column":null}},"18":{"start":{"line":47,"column":36},"end":{"line":51,"column":null}},"19":{"start":{"line":52,"column":31},"end":{"line":54,"column":null}},"20":{"start":{"line":55,"column":31},"end":{"line":55,"column":null}},"21":{"start":{"line":56,"column":33},"end":{"line":56,"column":null}},"22":{"start":{"line":58,"column":14},"end":{"line":64,"column":null}},"23":{"start":{"line":59,"column":16},"end":{"line":59,"column":null}},"24":{"start":{"line":60,"column":16},"end":{"line":60,"column":null}},"25":{"start":{"line":60,"column":32},"end":{"line":60,"column":null}},"26":{"start":{"line":61,"column":16},"end":{"line":61,"column":null}},"27":{"start":{"line":62,"column":16},"end":{"line":62,"column":null}},"28":{"start":{"line":63,"column":16},"end":{"line":63,"column":null}},"29":{"start":{"line":67,"column":12},"end":{"line":67,"column":null}},"30":{"start":{"line":70,"column":10},"end":{"line":70,"column":null}},"31":{"start":{"line":71,"column":10},"end":{"line":71,"column":null}},"32":{"start":{"line":72,"column":10},"end":{"line":72,"column":null}},"33":{"start":{"line":75,"column":8},"end":{"line":75,"column":null}},"34":{"start":{"line":81,"column":4},"end":{"line":81,"column":null}},"35":{"start":{"line":85,"column":25},"end":{"line":85,"column":null}}},"fnMap":{"0":{"name":"(anonymous_0)","decl":{"start":{"line":12,"column":2},"end":{"line":12,"column":16}},"loc":{"start":{"line":12,"column":16},"end":{"line":78,"column":null}},"line":12},"1":{"name":"(anonymous_1)","decl":{"start":{"line":23,"column":6},"end":{"line":23,"column":7}},"loc":{"start":{"line":23,"column":18},"end":{"line":29,"column":null}},"line":23},"2":{"name":"(anonymous_2)","decl":{"start":{"line":30,"column":6},"end":{"line":30,"column":7}},"loc":{"start":{"line":30,"column":17},"end":{"line":30,"column":null}},"line":30},"3":{"name":"(anonymous_3)","decl":{"start":{"line":35,"column":6},"end":{"line":35,"column":7}},"loc":{"start":{"line":35,"column":20},"end":{"line":35,"column":null}},"line":35},"4":{"name":"(anonymous_4)","decl":{"start":{"line":36,"column":6},"end":{"line":36,"column":13}},"loc":{"start":{"line":36,"column":23},"end":{"line":76,"column":null}},"line":36},"5":{"name":"(anonymous_5)","decl":{"start":{"line":80,"column":2},"end":{"line":80,"column":31}},"loc":{"start":{"line":80,"column":31},"end":{"line":82,"column":null}},"line":80}},"branchMap":{"0":{"loc":{"start":{"line":25,"column":8},"end":{"line":27,"column":null}},"type":"if","locations":[{"start":{"line":25,"column":8},"end":{"line":27,"column":null}},{"start":{},"end":{}}],"line":25},"1":{"loc":{"start":{"line":40,"column":8},"end":{"line":73,"column":null}},"type":"if","locations":[{"start":{"line":40,"column":8},"end":{"line":73,"column":null}},{"start":{},"end":{}}],"line":40},"2":{"loc":{"start":{"line":40,"column":12},"end":{"line":40,"column":71}},"type":"binary-expr","locations":[{"start":{"line":40,"column":12},"end":{"line":40,"column":46}},{"start":{"line":40,"column":46},"end":{"line":40,"column":71}}],"line":40},"3":{"loc":{"start":{"line":44,"column":12},"end":{"line":65,"column":null}},"type":"if","locations":[{"start":{"line":44,"column":12},"end":{"line":65,"column":null}},{"start":{},"end":{}}],"line":44},"4":{"loc":{"start":{"line":55,"column":31},"end":{"line":55,"column":null}},"type":"binary-expr","locations":[{"start":{"line":55,"column":31},"end":{"line":55,"column":45}},{"start":{"line":55,"column":45},"end":{"line":55,"column":null}}],"line":55},"5":{"loc":{"start":{"line":56,"column":33},"end":{"line":56,"column":null}},"type":"binary-expr","locations":[{"start":{"line":56,"column":33},"end":{"line":56,"column":54}},{"start":{"line":56,"column":54},"end":{"line":56,"column":null}}],"line":56},"6":{"loc":{"start":{"line":58,"column":14},"end":{"line":64,"column":null}},"type":"if","locations":[{"start":{"line":58,"column":14},"end":{"line":64,"column":null}},{"start":{},"end":{}}],"line":58},"7":{"loc":{"start":{"line":60,"column":16},"end":{"line":60,"column":null}},"type":"if","locations":[{"start":{"line":60,"column":16},"end":{"line":60,"column":null}},{"start":{},"end":{}}],"line":60}},"s":{"0":1,"1":1,"2":1,"3":1,"4":0,"5":0,"6":0,"7":0,"8":0,"9":1,"10":0,"11":0,"12":0,"13":0,"14":0,"15":0,"16":0,"17":0,"18":0,"19":0,"20":0,"21":0,"22":0,"23":0,"24":0,"25":0,"26":0,"27":0,"28":0,"29":0,"30":0,"31":0,"32":0,"33":0,"34":1,"35":1},"f":{"0":1,"1":0,"2":0,"3":0,"4":0,"5":1},"b":{"0":[0,0],"1":[0,0],"2":[0,0],"3":[0,0],"4":[0,0],"5":[0,0],"6":[0,0],"7":[0,0]},"meta":{"lastBranch":8,"lastFunction":6,"lastStatement":36,"seen":{"s:4:21:4:Infinity":0,"s:7:27:7:Infinity":1,"f:12:2:12:16":0,"s:13:4:19:Infinity":2,"s:22:4:31:Infinity":3,"f:23:6:23:7":1,"s:24:22:24:Infinity":4,"b:25:8:27:Infinity:undefined:undefined:undefined:undefined":0,"s:25:8:27:Infinity":5,"s:26:10:26:Infinity":6,"s:28:8:28:Infinity":7,"f:30:6:30:7":2,"s:30:17:30:Infinity":8,"s:34:4:77:Infinity":9,"f:35:6:35:7":3,"s:35:20:35:Infinity":10,"f:36:6:36:13":4,"s:37:32:37:Infinity":11,"b:40:8:73:Infinity:undefined:undefined:undefined:undefined":1,"s:40:8:73:Infinity":12,"b:40:12:40:46:40:46:40:71":2,"s:41:10:41:Infinity":13,"s:42:10:68:Infinity":14,"s:43:33:43:Infinity":15,"b:44:12:65:Infinity:undefined:undefined:undefined:undefined":3,"s:44:12:65:Infinity":16,"s:45:14:45:Infinity":17,"s:47:36:51:Infinity":18,"s:52:31:54:Infinity":19,"s:55:31:55:Infinity":20,"b:55:31:55:45:55:45:55:Infinity":4,"s:56:33:56:Infinity":21,"b:56:33:56:54:56:54:56:Infinity":5,"b:58:14:64:Infinity:undefined:undefined:undefined:undefined":6,"s:58:14:64:Infinity":22,"s:59:16:59:Infinity":23,"b:60:16:60:Infinity:undefined:undefined:undefined:undefined":7,"s:60:16:60:Infinity":24,"s:60:32:60:Infinity":25,"s:61:16:61:Infinity":26,"s:62:16:62:Infinity":27,"s:63:16:63:Infinity":28,"s:67:12:67:Infinity":29,"s:70:10:70:Infinity":30,"s:71:10:71:Infinity":31,"s:72:10:72:Infinity":32,"s:75:8:75:Infinity":33,"f:80:2:80:31":5,"s:81:4:81:Infinity":34,"s:85:25:85:Infinity":35}}}
,"C:\\Users\\alessandaramos\\Downloads\\alessandraramos062184-master\\src\\services\\authService.ts": {"path":"C:\\Users\\alessandaramos\\Downloads\\alessandraramos062184-master\\src\\services\\authService.ts","statementMap":{"0":{"start":{"line":6,"column":35},"end":{"line":6,"column":null}},"1":{"start":{"line":7,"column":28},"end":{"line":7,"column":null}},"2":{"start":{"line":10,"column":4},"end":{"line":10,"column":null}},"3":{"start":{"line":14,"column":18},"end":{"line":14,"column":null}},"4":{"start":{"line":15,"column":4},"end":{"line":15,"column":null}},"5":{"start":{"line":19,"column":4},"end":{"line":51,"column":null}},"6":{"start":{"line":21,"column":23},"end":{"line":24,"column":null}},"7":{"start":{"line":26,"column":21},"end":{"line":26,"column":null}},"8":{"start":{"line":27,"column":28},"end":{"line":27,"column":null}},"9":{"start":{"line":29,"column":6},"end":{"line":31,"column":null}},"10":{"start":{"line":30,"column":8},"end":{"line":30,"column":null}},"11":{"start":{"line":33,"column":6},"end":{"line":33,"column":null}},"12":{"start":{"line":34,"column":6},"end":{"line":36,"column":null}},"13":{"start":{"line":35,"column":8},"end":{"line":35,"column":null}},"14":{"start":{"line":37,"column":6},"end":{"line":37,"column":null}},"15":{"start":{"line":39,"column":6},"end":{"line":39,"column":null}},"16":{"start":{"line":41,"column":6},"end":{"line":41,"column":null}},"17":{"start":{"line":43,"column":6},"end":{"line":49,"column":null}},"18":{"start":{"line":44,"column":26},"end":{"line":44,"column":null}},"19":{"start":{"line":45,"column":8},"end":{"line":45,"column":null}},"20":{"start":{"line":46,"column":8},"end":{"line":46,"column":null}},"21":{"start":{"line":47,"column":8},"end":{"line":47,"column":null}},"22":{"start":{"line":48,"column":8},"end":{"line":48,"column":null}},"23":{"start":{"line":50,"column":6},"end":{"line":50,"column":null}},"24":{"start":{"line":55,"column":4},"end":{"line":98,"column":null}},"25":{"start":{"line":57,"column":23},"end":{"line":60,"column":null}},"26":{"start":{"line":62,"column":6},"end":{"line":62,"column":null}},"27":{"start":{"line":63,"column":6},"end":{"line":63,"column":null}},"28":{"start":{"line":64,"column":6},"end":{"line":64,"column":null}},"29":{"start":{"line":66,"column":6},"end":{"line":66,"column":null}},"30":{"start":{"line":68,"column":6},"end":{"line":72,"column":null}},"31":{"start":{"line":75,"column":6},"end":{"line":96,"column":null}},"32":{"start":{"line":76,"column":8},"end":{"line":95,"column":null}},"33":{"start":{"line":77,"column":27},"end":{"line":80,"column":null}},"34":{"start":{"line":82,"column":10},"end":{"line":82,"column":null}},"35":{"start":{"line":83,"column":10},"end":{"line":83,"column":null}},"36":{"start":{"line":84,"column":10},"end":{"line":84,"column":null}},"37":{"start":{"line":86,"column":10},"end":{"line":86,"column":null}},"38":{"start":{"line":88,"column":10},"end":{"line":92,"column":null}},"39":{"start":{"line":94,"column":10},"end":{"line":94,"column":null}},"40":{"start":{"line":97,"column":6},"end":{"line":97,"column":null}},"41":{"start":{"line":102,"column":25},"end":{"line":102,"column":null}},"42":{"start":{"line":103,"column":4},"end":{"line":105,"column":null}},"43":{"start":{"line":104,"column":6},"end":{"line":104,"column":null}},"44":{"start":{"line":107,"column":4},"end":{"line":130,"column":null}},"45":{"start":{"line":109,"column":23},"end":{"line":117,"column":null}},"46":{"start":{"line":119,"column":21},"end":{"line":119,"column":null}},"47":{"start":{"line":120,"column":26},"end":{"line":120,"column":null}},"48":{"start":{"line":122,"column":6},"end":{"line":122,"column":null}},"49":{"start":{"line":123,"column":6},"end":{"line":123,"column":null}},"50":{"start":{"line":125,"column":6},"end":{"line":125,"column":null}},"51":{"start":{"line":128,"column":6},"end":{"line":128,"column":null}},"52":{"start":{"line":129,"column":6},"end":{"line":129,"column":null}},"53":{"start":{"line":134,"column":4},"end":{"line":134,"column":null}},"54":{"start":{"line":135,"column":4},"end":{"line":135,"column":null}},"55":{"start":{"line":136,"column":4},"end":{"line":136,"column":null}},"56":{"start":{"line":140,"column":4},"end":{"line":140,"column":null}},"57":{"start":{"line":144,"column":4},"end":{"line":144,"column":null}},"58":{"start":{"line":148,"column":27},"end":{"line":148,"column":null}}},"fnMap":{"0":{"name":"(anonymous_0)","decl":{"start":{"line":9,"column":2},"end":{"line":9,"column":16}},"loc":{"start":{"line":9,"column":16},"end":{"line":11,"column":null}},"line":9},"1":{"name":"(anonymous_1)","decl":{"start":{"line":13,"column":10},"end":{"line":13,"column":34}},"loc":{"start":{"line":13,"column":34},"end":{"line":16,"column":null}},"line":13},"2":{"name":"(anonymous_2)","decl":{"start":{"line":18,"column":8},"end":{"line":18,"column":14}},"loc":{"start":{"line":18,"column":69},"end":{"line":52,"column":null}},"line":18},"3":{"name":"(anonymous_3)","decl":{"start":{"line":54,"column":8},"end":{"line":54,"column":15}},"loc":{"start":{"line":54,"column":99},"end":{"line":99,"column":null}},"line":54},"4":{"name":"(anonymous_4)","decl":{"start":{"line":101,"column":8},"end":{"line":101,"column":46}},"loc":{"start":{"line":101,"column":46},"end":{"line":131,"column":null}},"line":101},"5":{"name":"(anonymous_5)","decl":{"start":{"line":133,"column":2},"end":{"line":133,"column":17}},"loc":{"start":{"line":133,"column":17},"end":{"line":137,"column":null}},"line":133},"6":{"name":"(anonymous_6)","decl":{"start":{"line":139,"column":2},"end":{"line":139,"column":29}},"loc":{"start":{"line":139,"column":29},"end":{"line":141,"column":null}},"line":139},"7":{"name":"(anonymous_7)","decl":{"start":{"line":143,"column":2},"end":{"line":143,"column":28}},"loc":{"start":{"line":143,"column":28},"end":{"line":145,"column":null}},"line":143}},"branchMap":{"0":{"loc":{"start":{"line":26,"column":21},"end":{"line":26,"column":null}},"type":"binary-expr","locations":[{"start":{"line":26,"column":21},"end":{"line":26,"column":53}},{"start":{"line":26,"column":53},"end":{"line":26,"column":null}}],"line":26},"1":{"loc":{"start":{"line":27,"column":28},"end":{"line":27,"column":null}},"type":"binary-expr","locations":[{"start":{"line":27,"column":28},"end":{"line":27,"column":67}},{"start":{"line":27,"column":67},"end":{"line":27,"column":null}}],"line":27},"2":{"loc":{"start":{"line":29,"column":6},"end":{"line":31,"column":null}},"type":"if","locations":[{"start":{"line":29,"column":6},"end":{"line":31,"column":null}},{"start":{},"end":{}}],"line":29},"3":{"loc":{"start":{"line":34,"column":6},"end":{"line":36,"column":null}},"type":"if","locations":[{"start":{"line":34,"column":6},"end":{"line":36,"column":null}},{"start":{},"end":{}}],"line":34},"4":{"loc":{"start":{"line":39,"column":36},"end":{"line":39,"column":55}},"type":"binary-expr","locations":[{"start":{"line":39,"column":36},"end":{"line":39,"column":52}},{"start":{"line":39,"column":52},"end":{"line":39,"column":55}}],"line":39},"5":{"loc":{"start":{"line":43,"column":6},"end":{"line":49,"column":null}},"type":"if","locations":[{"start":{"line":43,"column":6},"end":{"line":49,"column":null}},{"start":{},"end":{}}],"line":43},"6":{"loc":{"start":{"line":43,"column":10},"end":{"line":43,"column":68}},"type":"binary-expr","locations":[{"start":{"line":43,"column":10},"end":{"line":43,"column":26}},{"start":{"line":43,"column":26},"end":{"line":43,"column":49}},{"start":{"line":43,"column":49},"end":{"line":43,"column":68}}],"line":43},"7":{"loc":{"start":{"line":75,"column":6},"end":{"line":96,"column":null}},"type":"if","locations":[{"start":{"line":75,"column":6},"end":{"line":96,"column":null}},{"start":{},"end":{}}],"line":75},"8":{"loc":{"start":{"line":75,"column":10},"end":{"line":75,"column":104}},"type":"binary-expr","locations":[{"start":{"line":75,"column":10},"end":{"line":75,"column":44}},{"start":{"line":75,"column":44},"end":{"line":75,"column":104}}],"line":75},"9":{"loc":{"start":{"line":94,"column":26},"end":{"line":94,"column":147}},"type":"binary-expr","locations":[{"start":{"line":94,"column":26},"end":{"line":94,"column":67}},{"start":{"line":94,"column":67},"end":{"line":94,"column":147}}],"line":94},"10":{"loc":{"start":{"line":103,"column":4},"end":{"line":105,"column":null}},"type":"if","locations":[{"start":{"line":103,"column":4},"end":{"line":105,"column":null}},{"start":{},"end":{}}],"line":103},"11":{"loc":{"start":{"line":119,"column":21},"end":{"line":119,"column":null}},"type":"binary-expr","locations":[{"start":{"line":119,"column":21},"end":{"line":119,"column":53}},{"start":{"line":119,"column":53},"end":{"line":119,"column":91}},{"start":{"line":119,"column":91},"end":{"line":119,"column":null}}],"line":119},"12":{"loc":{"start":{"line":120,"column":26},"end":{"line":120,"column":null}},"type":"binary-expr","locations":[{"start":{"line":120,"column":26},"end":{"line":120,"column":65}},{"start":{"line":120,"column":65},"end":{"line":120,"column":104}},{"start":{"line":120,"column":104},"end":{"line":120,"column":null}}],"line":120}},"s":{"0":1,"1":1,"2":1,"3":1,"4":1,"5":5,"6":5,"7":3,"8":5,"9":5,"10":1,"11":2,"12":2,"13":2,"14":2,"15":2,"16":3,"17":3,"18":1,"19":1,"20":1,"21":1,"22":1,"23":2,"24":2,"25":2,"26":1,"27":1,"28":1,"29":1,"30":1,"31":1,"32":1,"33":1,"34":1,"35":1,"36":1,"37":1,"38":0,"39":0,"40":0,"41":0,"42":0,"43":0,"44":0,"45":0,"46":0,"47":0,"48":0,"49":0,"50":0,"51":0,"52":0,"53":1,"54":1,"55":1,"56":0,"57":2,"58":1},"f":{"0":1,"1":1,"2":5,"3":2,"4":0,"5":1,"6":0,"7":2},"b":{"0":[3,2],"1":[5,2],"2":[1,4],"3":[2,0],"4":[2,0],"5":[1,2],"6":[3,3,1],"7":[1,0],"8":[1,0],"9":[0,0],"10":[0,0],"11":[0,0,0],"12":[0,0,0]},"meta":{"lastBranch":13,"lastFunction":8,"lastStatement":59,"seen":{"s:6:35:6:Infinity":0,"s:7:28:7:Infinity":1,"f:9:2:9:16":0,"s:10:4:10:Infinity":2,"f:13:10:13:34":1,"s:14:18:14:Infinity":3,"s:15:4:15:Infinity":4,"f:18:8:18:14":2,"s:19:4:51:Infinity":5,"s:21:23:24:Infinity":6,"s:26:21:26:Infinity":7,"b:26:21:26:53:26:53:26:Infinity":0,"s:27:28:27:Infinity":8,"b:27:28:27:67:27:67:27:Infinity":1,"b:29:6:31:Infinity:undefined:undefined:undefined:undefined":2,"s:29:6:31:Infinity":9,"s:30:8:30:Infinity":10,"s:33:6:33:Infinity":11,"b:34:6:36:Infinity:undefined:undefined:undefined:undefined":3,"s:34:6:36:Infinity":12,"s:35:8:35:Infinity":13,"s:37:6:37:Infinity":14,"s:39:6:39:Infinity":15,"b:39:36:39:52:39:52:39:55":4,"s:41:6:41:Infinity":16,"b:43:6:49:Infinity:undefined:undefined:undefined:undefined":5,"s:43:6:49:Infinity":17,"b:43:10:43:26:43:26:43:49:43:49:43:68":6,"s:44:26:44:Infinity":18,"s:45:8:45:Infinity":19,"s:46:8:46:Infinity":20,"s:47:8:47:Infinity":21,"s:48:8:48:Infinity":22,"s:50:6:50:Infinity":23,"f:54:8:54:15":3,"s:55:4:98:Infinity":24,"s:57:23:60:Infinity":25,"s:62:6:62:Infinity":26,"s:63:6:63:Infinity":27,"s:64:6:64:Infinity":28,"s:66:6:66:Infinity":29,"s:68:6:72:Infinity":30,"b:75:6:96:Infinity:undefined:undefined:undefined:undefined":7,"s:75:6:96:Infinity":31,"b:75:10:75:44:75:44:75:104":8,"s:76:8:95:Infinity":32,"s:77:27:80:Infinity":33,"s:82:10:82:Infinity":34,"s:83:10:83:Infinity":35,"s:84:10:84:Infinity":36,"s:86:10:86:Infinity":37,"s:88:10:92:Infinity":38,"s:94:10:94:Infinity":39,"b:94:26:94:67:94:67:94:147":9,"s:97:6:97:Infinity":40,"f:101:8:101:46":4,"s:102:25:102:Infinity":41,"b:103:4:105:Infinity:undefined:undefined:undefined:undefined":10,"s:103:4:105:Infinity":42,"s:104:6:104:Infinity":43,"s:107:4:130:Infinity":44,"s:109:23:117:Infinity":45,"s:119:21:119:Infinity":46,"b:119:21:119:53:119:53:119:91:119:91:119:Infinity":11,"s:120:26:120:Infinity":47,"b:120:26:120:65:120:65:120:104:120:104:120:Infinity":12,"s:122:6:122:Infinity":48,"s:123:6:123:Infinity":49,"s:125:6:125:Infinity":50,"s:128:6:128:Infinity":51,"s:129:6:129:Infinity":52,"f:133:2:133:17":5,"s:134:4:134:Infinity":53,"s:135:4:135:Infinity":54,"s:136:4:136:Infinity":55,"f:139:2:139:29":6,"s:140:4:140:Infinity":56,"f:143:2:143:28":7,"s:144:4:144:Infinity":57,"s:148:27:148:Infinity":58}}}
,"C:\\Users\\alessandaramos\\Downloads\\alessandraramos062184-master\\src\\services\\petService.ts": {"path":"C:\\Users\\alessandaramos\\Downloads\\alessandraramos062184-master\\src\\services\\petService.ts","statementMap":{"0":{"start":{"line":6,"column":24},"end":{"line":6,"column":null}},"1":{"start":{"line":7,"column":17},"end":{"line":7,"column":null}},"2":{"start":{"line":9,"column":30},"end":{"line":9,"column":null}},"3":{"start":{"line":10,"column":23},"end":{"line":10,"column":null}},"4":{"start":{"line":12,"column":27},"end":{"line":12,"column":null}},"5":{"start":{"line":13,"column":20},"end":{"line":13,"column":null}},"6":{"start":{"line":16,"column":40},"end":{"line":16,"column":null}},"7":{"start":{"line":20,"column":4},"end":{"line":20,"column":null}},"8":{"start":{"line":23,"column":4},"end":{"line":35,"column":null}},"9":{"start":{"line":24,"column":6},"end":{"line":34,"column":null}},"10":{"start":{"line":25,"column":8},"end":{"line":25,"column":null}},"11":{"start":{"line":27,"column":8},"end":{"line":31,"column":null}},"12":{"start":{"line":28,"column":10},"end":{"line":30,"column":null}},"13":{"start":{"line":29,"column":12},"end":{"line":29,"column":null}},"14":{"start":{"line":32,"column":8},"end":{"line":32,"column":null}},"15":{"start":{"line":33,"column":8},"end":{"line":33,"column":null}},"16":{"start":{"line":39,"column":21},"end":{"line":39,"column":null}},"17":{"start":{"line":40,"column":24},"end":{"line":40,"column":null}},"18":{"start":{"line":42,"column":4},"end":{"line":53,"column":null}},"19":{"start":{"line":43,"column":24},"end":{"line":43,"column":null}},"20":{"start":{"line":44,"column":6},"end":{"line":52,"column":null}},"21":{"start":{"line":45,"column":8},"end":{"line":51,"column":null}},"22":{"start":{"line":46,"column":22},"end":{"line":46,"column":null}},"23":{"start":{"line":47,"column":10},"end":{"line":47,"column":null}},"24":{"start":{"line":48,"column":10},"end":{"line":48,"column":null}},"25":{"start":{"line":50,"column":10},"end":{"line":50,"column":null}},"26":{"start":{"line":56,"column":4},"end":{"line":56,"column":null}},"27":{"start":{"line":61,"column":19},"end":{"line":61,"column":null}},"28":{"start":{"line":62,"column":4},"end":{"line":62,"column":null}},"29":{"start":{"line":66,"column":4},"end":{"line":66,"column":null}},"30":{"start":{"line":70,"column":18},"end":{"line":70,"column":null}},"31":{"start":{"line":71,"column":16},"end":{"line":71,"column":null}},"32":{"start":{"line":72,"column":4},"end":{"line":72,"column":null}},"33":{"start":{"line":73,"column":4},"end":{"line":73,"column":null}},"34":{"start":{"line":77,"column":18},"end":{"line":77,"column":null}},"35":{"start":{"line":78,"column":16},"end":{"line":78,"column":null}},"36":{"start":{"line":79,"column":4},"end":{"line":79,"column":null}},"37":{"start":{"line":80,"column":4},"end":{"line":80,"column":null}},"38":{"start":{"line":84,"column":4},"end":{"line":84,"column":null}},"39":{"start":{"line":85,"column":4},"end":{"line":212,"column":null}},"40":{"start":{"line":86,"column":6},"end":{"line":209,"column":null}},"41":{"start":{"line":87,"column":25},"end":{"line":87,"column":null}},"42":{"start":{"line":88,"column":8},"end":{"line":88,"column":null}},"43":{"start":{"line":89,"column":28},"end":{"line":89,"column":null}},"44":{"start":{"line":90,"column":8},"end":{"line":90,"column":null}},"45":{"start":{"line":90,"column":20},"end":{"line":90,"column":null}},"46":{"start":{"line":91,"column":25},"end":{"line":91,"column":null}},"47":{"start":{"line":94,"column":30},"end":{"line":94,"column":null}},"48":{"start":{"line":95,"column":25},"end":{"line":95,"column":null}},"49":{"start":{"line":97,"column":8},"end":{"line":110,"column":null}},"50":{"start":{"line":99,"column":10},"end":{"line":109,"column":null}},"51":{"start":{"line":100,"column":12},"end":{"line":100,"column":null}},"52":{"start":{"line":101,"column":12},"end":{"line":106,"column":null}},"53":{"start":{"line":107,"column":10},"end":{"line":109,"column":null}},"54":{"start":{"line":108,"column":12},"end":{"line":108,"column":null}},"55":{"start":{"line":112,"column":8},"end":{"line":112,"column":null}},"56":{"start":{"line":115,"column":31},"end":{"line":138,"column":null}},"57":{"start":{"line":116,"column":28},"end":{"line":116,"column":null}},"58":{"start":{"line":117,"column":28},"end":{"line":117,"column":null}},"59":{"start":{"line":118,"column":26},"end":{"line":118,"column":null}},"60":{"start":{"line":121,"column":10},"end":{"line":125,"column":null}},"61":{"start":{"line":122,"column":12},"end":{"line":124,"column":null}},"62":{"start":{"line":123,"column":14},"end":{"line":123,"column":null}},"63":{"start":{"line":128,"column":31},"end":{"line":128,"column":null}},"64":{"start":{"line":129,"column":34},"end":{"line":129,"column":null}},"65":{"start":{"line":130,"column":31},"end":{"line":130,"column":null}},"66":{"start":{"line":132,"column":10},"end":{"line":137,"column":null}},"67":{"start":{"line":141,"column":30},"end":{"line":141,"column":null}},"68":{"start":{"line":141,"column":57},"end":{"line":141,"column":83}},"69":{"start":{"line":143,"column":8},"end":{"line":143,"column":null}},"70":{"start":{"line":146,"column":8},"end":{"line":176,"column":null}},"71":{"start":{"line":147,"column":10},"end":{"line":147,"column":null}},"72":{"start":{"line":148,"column":29},"end":{"line":148,"column":null}},"73":{"start":{"line":148,"column":63},"end":{"line":148,"column":101}},"74":{"start":{"line":148,"column":81},"end":{"line":148,"column":100}},"75":{"start":{"line":149,"column":10},"end":{"line":175,"column":null}},"76":{"start":{"line":151,"column":29},"end":{"line":151,"column":null}},"77":{"start":{"line":152,"column":12},"end":{"line":174,"column":null}},"78":{"start":{"line":153,"column":14},"end":{"line":153,"column":null}},"79":{"start":{"line":154,"column":14},"end":{"line":154,"column":null}},"80":{"start":{"line":157,"column":32},"end":{"line":157,"column":null}},"81":{"start":{"line":158,"column":14},"end":{"line":173,"column":null}},"82":{"start":{"line":159,"column":16},"end":{"line":168,"column":null}},"83":{"start":{"line":160,"column":30},"end":{"line":160,"column":null}},"84":{"start":{"line":161,"column":18},"end":{"line":161,"column":null}},"85":{"start":{"line":162,"column":18},"end":{"line":162,"column":null}},"86":{"start":{"line":163,"column":18},"end":{"line":163,"column":null}},"87":{"start":{"line":165,"column":18},"end":{"line":165,"column":null}},"88":{"start":{"line":167,"column":18},"end":{"line":167,"column":null}},"89":{"start":{"line":171,"column":16},"end":{"line":171,"column":null}},"90":{"start":{"line":172,"column":16},"end":{"line":172,"column":null}},"91":{"start":{"line":178,"column":33},"end":{"line":178,"column":null}},"92":{"start":{"line":179,"column":29},"end":{"line":181,"column":null}},"93":{"start":{"line":180,"column":26},"end":{"line":180,"column":86}},"94":{"start":{"line":182,"column":8},"end":{"line":182,"column":null}},"95":{"start":{"line":183,"column":8},"end":{"line":188,"column":null}},"96":{"start":{"line":190,"column":8},"end":{"line":190,"column":null}},"97":{"start":{"line":191,"column":8},"end":{"line":193,"column":null}},"98":{"start":{"line":192,"column":10},"end":{"line":192,"column":null}},"99":{"start":{"line":195,"column":25},"end":{"line":195,"column":null}},"100":{"start":{"line":196,"column":26},"end":{"line":196,"column":null}},"101":{"start":{"line":196,"column":74},"end":{"line":196,"column":100}},"102":{"start":{"line":197,"column":33},"end":{"line":197,"column":null}},"103":{"start":{"line":198,"column":29},"end":{"line":200,"column":null}},"104":{"start":{"line":199,"column":29},"end":{"line":199,"column":89}},"105":{"start":{"line":201,"column":8},"end":{"line":201,"column":null}},"106":{"start":{"line":202,"column":8},"end":{"line":208,"column":null}},"107":{"start":{"line":211,"column":6},"end":{"line":211,"column":null}},"108":{"start":{"line":216,"column":4},"end":{"line":216,"column":null}},"109":{"start":{"line":217,"column":4},"end":{"line":284,"column":null}},"110":{"start":{"line":219,"column":6},"end":{"line":281,"column":null}},"111":{"start":{"line":220,"column":25},"end":{"line":220,"column":null}},"112":{"start":{"line":221,"column":8},"end":{"line":221,"column":null}},"113":{"start":{"line":224,"column":25},"end":{"line":224,"column":null}},"114":{"start":{"line":225,"column":32},"end":{"line":225,"column":null}},"115":{"start":{"line":226,"column":29},"end":{"line":226,"column":null}},"116":{"start":{"line":227,"column":29},"end":{"line":227,"column":null}},"117":{"start":{"line":228,"column":26},"end":{"line":236,"column":null}},"118":{"start":{"line":238,"column":8},"end":{"line":238,"column":null}},"119":{"start":{"line":240,"column":8},"end":{"line":240,"column":null}},"120":{"start":{"line":241,"column":8},"end":{"line":241,"column":null}},"121":{"start":{"line":242,"column":8},"end":{"line":242,"column":null}},"122":{"start":{"line":244,"column":8},"end":{"line":244,"column":null}},"123":{"start":{"line":247,"column":8},"end":{"line":254,"column":null}},"124":{"start":{"line":248,"column":24},"end":{"line":248,"column":null}},"125":{"start":{"line":249,"column":10},"end":{"line":249,"column":null}},"126":{"start":{"line":250,"column":10},"end":{"line":250,"column":null}},"127":{"start":{"line":251,"column":10},"end":{"line":251,"column":null}},"128":{"start":{"line":252,"column":10},"end":{"line":252,"column":null}},"129":{"start":{"line":253,"column":10},"end":{"line":253,"column":null}},"130":{"start":{"line":256,"column":8},"end":{"line":258,"column":null}},"131":{"start":{"line":257,"column":10},"end":{"line":257,"column":null}},"132":{"start":{"line":261,"column":25},"end":{"line":261,"column":null}},"133":{"start":{"line":262,"column":8},"end":{"line":266,"column":null}},"134":{"start":{"line":263,"column":10},"end":{"line":263,"column":null}},"135":{"start":{"line":264,"column":10},"end":{"line":264,"column":null}},"136":{"start":{"line":265,"column":10},"end":{"line":265,"column":null}},"137":{"start":{"line":269,"column":31},"end":{"line":269,"column":null}},"138":{"start":{"line":270,"column":8},"end":{"line":278,"column":null}},"139":{"start":{"line":271,"column":10},"end":{"line":277,"column":null}},"140":{"start":{"line":272,"column":29},"end":{"line":272,"column":null}},"141":{"start":{"line":273,"column":12},"end":{"line":273,"column":null}},"142":{"start":{"line":274,"column":12},"end":{"line":274,"column":null}},"143":{"start":{"line":275,"column":12},"end":{"line":275,"column":null}},"144":{"start":{"line":276,"column":12},"end":{"line":276,"column":null}},"145":{"start":{"line":280,"column":8},"end":{"line":280,"column":null}},"146":{"start":{"line":283,"column":6},"end":{"line":283,"column":null}},"147":{"start":{"line":288,"column":4},"end":{"line":288,"column":null}},"148":{"start":{"line":289,"column":4},"end":{"line":341,"column":null}},"149":{"start":{"line":290,"column":6},"end":{"line":338,"column":null}},"150":{"start":{"line":291,"column":25},"end":{"line":291,"column":null}},"151":{"start":{"line":292,"column":8},"end":{"line":292,"column":null}},"152":{"start":{"line":294,"column":8},"end":{"line":294,"column":null}},"153":{"start":{"line":299,"column":31},"end":{"line":307,"column":null}},"154":{"start":{"line":310,"column":8},"end":{"line":310,"column":null}},"155":{"start":{"line":312,"column":8},"end":{"line":312,"column":null}},"156":{"start":{"line":314,"column":28},"end":{"line":314,"column":null}},"157":{"start":{"line":315,"column":8},"end":{"line":315,"column":null}},"158":{"start":{"line":316,"column":8},"end":{"line":316,"column":null}},"159":{"start":{"line":317,"column":8},"end":{"line":317,"column":null}},"160":{"start":{"line":319,"column":8},"end":{"line":336,"column":null}},"161":{"start":{"line":320,"column":10},"end":{"line":334,"column":null}},"162":{"start":{"line":321,"column":12},"end":{"line":321,"column":null}},"163":{"start":{"line":322,"column":32},"end":{"line":325,"column":null}},"164":{"start":{"line":327,"column":12},"end":{"line":327,"column":null}},"165":{"start":{"line":329,"column":12},"end":{"line":329,"column":null}},"166":{"start":{"line":331,"column":32},"end":{"line":331,"column":null}},"167":{"start":{"line":332,"column":12},"end":{"line":332,"column":null}},"168":{"start":{"line":333,"column":12},"end":{"line":333,"column":null}},"169":{"start":{"line":335,"column":10},"end":{"line":335,"column":null}},"170":{"start":{"line":337,"column":8},"end":{"line":337,"column":null}},"171":{"start":{"line":340,"column":6},"end":{"line":340,"column":null}},"172":{"start":{"line":345,"column":4},"end":{"line":345,"column":null}},"173":{"start":{"line":346,"column":4},"end":{"line":426,"column":null}},"174":{"start":{"line":348,"column":20},"end":{"line":348,"column":null}},"175":{"start":{"line":349,"column":6},"end":{"line":357,"column":null}},"176":{"start":{"line":350,"column":8},"end":{"line":356,"column":null}},"177":{"start":{"line":351,"column":26},"end":{"line":351,"column":null}},"178":{"start":{"line":352,"column":10},"end":{"line":352,"column":null}},"179":{"start":{"line":353,"column":10},"end":{"line":353,"column":null}},"180":{"start":{"line":358,"column":22},"end":{"line":358,"column":null}},"181":{"start":{"line":361,"column":30},"end":{"line":361,"column":null}},"182":{"start":{"line":362,"column":6},"end":{"line":362,"column":null}},"183":{"start":{"line":363,"column":6},"end":{"line":363,"column":null}},"184":{"start":{"line":364,"column":6},"end":{"line":364,"column":null}},"185":{"start":{"line":366,"column":6},"end":{"line":423,"column":null}},"186":{"start":{"line":367,"column":25},"end":{"line":367,"column":null}},"187":{"start":{"line":370,"column":24},"end":{"line":370,"column":null}},"188":{"start":{"line":371,"column":27},"end":{"line":371,"column":null}},"189":{"start":{"line":372,"column":30},"end":{"line":372,"column":null}},"190":{"start":{"line":373,"column":26},"end":{"line":389,"column":null}},"191":{"start":{"line":392,"column":8},"end":{"line":392,"column":null}},"192":{"start":{"line":393,"column":8},"end":{"line":393,"column":null}},"193":{"start":{"line":394,"column":8},"end":{"line":394,"column":null}},"194":{"start":{"line":396,"column":28},"end":{"line":396,"column":null}},"195":{"start":{"line":397,"column":28},"end":{"line":397,"column":null}},"196":{"start":{"line":397,"column":49},"end":{"line":397,"column":92}},"197":{"start":{"line":398,"column":8},"end":{"line":398,"column":null}},"198":{"start":{"line":399,"column":8},"end":{"line":399,"column":null}},"199":{"start":{"line":400,"column":8},"end":{"line":400,"column":null}},"200":{"start":{"line":403,"column":8},"end":{"line":403,"column":null}},"201":{"start":{"line":404,"column":8},"end":{"line":415,"column":null}},"202":{"start":{"line":406,"column":28},"end":{"line":406,"column":null}},"203":{"start":{"line":407,"column":10},"end":{"line":414,"column":null}},"204":{"start":{"line":408,"column":12},"end":{"line":408,"column":null}},"205":{"start":{"line":409,"column":32},"end":{"line":409,"column":null}},"206":{"start":{"line":410,"column":32},"end":{"line":410,"column":null}},"207":{"start":{"line":410,"column":53},"end":{"line":410,"column":96}},"208":{"start":{"line":411,"column":12},"end":{"line":411,"column":null}},"209":{"start":{"line":412,"column":12},"end":{"line":412,"column":null}},"210":{"start":{"line":413,"column":12},"end":{"line":413,"column":null}},"211":{"start":{"line":416,"column":8},"end":{"line":416,"column":null}},"212":{"start":{"line":418,"column":26},"end":{"line":418,"column":null}},"213":{"start":{"line":419,"column":8},"end":{"line":421,"column":null}},"214":{"start":{"line":420,"column":10},"end":{"line":420,"column":null}},"215":{"start":{"line":422,"column":8},"end":{"line":422,"column":null}},"216":{"start":{"line":425,"column":6},"end":{"line":425,"column":null}},"217":{"start":{"line":430,"column":4},"end":{"line":430,"column":null}},"218":{"start":{"line":431,"column":18},"end":{"line":431,"column":null}},"219":{"start":{"line":434,"column":4},"end":{"line":434,"column":null}},"220":{"start":{"line":435,"column":4},"end":{"line":435,"column":null}},"221":{"start":{"line":436,"column":4},"end":{"line":436,"column":null}},"222":{"start":{"line":438,"column":4},"end":{"line":468,"column":null}},"223":{"start":{"line":439,"column":6},"end":{"line":451,"column":null}},"224":{"start":{"line":440,"column":8},"end":{"line":440,"column":null}},"225":{"start":{"line":441,"column":8},"end":{"line":441,"column":null}},"226":{"start":{"line":444,"column":8},"end":{"line":444,"column":null}},"227":{"start":{"line":445,"column":8},"end":{"line":450,"column":null}},"228":{"start":{"line":446,"column":10},"end":{"line":446,"column":null}},"229":{"start":{"line":449,"column":10},"end":{"line":449,"column":null}},"230":{"start":{"line":454,"column":6},"end":{"line":454,"column":null}},"231":{"start":{"line":455,"column":26},"end":{"line":455,"column":null}},"232":{"start":{"line":456,"column":26},"end":{"line":456,"column":null}},"233":{"start":{"line":456,"column":50},"end":{"line":456,"column":72}},"234":{"start":{"line":457,"column":6},"end":{"line":457,"column":null}},"235":{"start":{"line":458,"column":6},"end":{"line":458,"column":null}},"236":{"start":{"line":461,"column":6},"end":{"line":461,"column":null}},"237":{"start":{"line":462,"column":6},"end":{"line":462,"column":null}},"238":{"start":{"line":463,"column":26},"end":{"line":463,"column":null}},"239":{"start":{"line":464,"column":26},"end":{"line":464,"column":null}},"240":{"start":{"line":464,"column":50},"end":{"line":464,"column":72}},"241":{"start":{"line":465,"column":6},"end":{"line":465,"column":null}},"242":{"start":{"line":467,"column":6},"end":{"line":467,"column":null}},"243":{"start":{"line":472,"column":21},"end":{"line":472,"column":null}},"244":{"start":{"line":473,"column":4},"end":{"line":473,"column":null}},"245":{"start":{"line":475,"column":4},"end":{"line":475,"column":null}},"246":{"start":{"line":476,"column":4},"end":{"line":537,"column":null}},"247":{"start":{"line":477,"column":6},"end":{"line":534,"column":null}},"248":{"start":{"line":478,"column":25},"end":{"line":486,"column":null}},"249":{"start":{"line":488,"column":23},"end":{"line":488,"column":null}},"250":{"start":{"line":490,"column":8},"end":{"line":492,"column":null}},"251":{"start":{"line":491,"column":10},"end":{"line":491,"column":null}},"252":{"start":{"line":494,"column":8},"end":{"line":496,"column":null}},"253":{"start":{"line":495,"column":10},"end":{"line":495,"column":null}},"254":{"start":{"line":499,"column":8},"end":{"line":502,"column":null}},"255":{"start":{"line":500,"column":26},"end":{"line":500,"column":null}},"256":{"start":{"line":501,"column":10},"end":{"line":501,"column":null}},"257":{"start":{"line":504,"column":8},"end":{"line":504,"column":null}},"258":{"start":{"line":505,"column":8},"end":{"line":505,"column":null}},"259":{"start":{"line":507,"column":8},"end":{"line":507,"column":null}},"260":{"start":{"line":508,"column":8},"end":{"line":515,"column":null}},"261":{"start":{"line":509,"column":10},"end":{"line":509,"column":null}},"262":{"start":{"line":511,"column":10},"end":{"line":511,"column":null}},"263":{"start":{"line":512,"column":10},"end":{"line":512,"column":null}},"264":{"start":{"line":513,"column":10},"end":{"line":513,"column":null}},"265":{"start":{"line":514,"column":10},"end":{"line":514,"column":null}},"266":{"start":{"line":517,"column":8},"end":{"line":532,"column":null}},"267":{"start":{"line":518,"column":10},"end":{"line":518,"column":null}},"268":{"start":{"line":519,"column":10},"end":{"line":531,"column":null}},"269":{"start":{"line":520,"column":27},"end":{"line":520,"column":null}},"270":{"start":{"line":521,"column":28},"end":{"line":525,"column":null}},"271":{"start":{"line":522,"column":14},"end":{"line":522,"column":null}},"272":{"start":{"line":522,"column":36},"end":{"line":522,"column":null}},"273":{"start":{"line":523,"column":14},"end":{"line":523,"column":null}},"274":{"start":{"line":524,"column":14},"end":{"line":524,"column":null}},"275":{"start":{"line":526,"column":12},"end":{"line":526,"column":null}},"276":{"start":{"line":527,"column":12},"end":{"line":527,"column":null}},"277":{"start":{"line":529,"column":12},"end":{"line":529,"column":null}},"278":{"start":{"line":530,"column":12},"end":{"line":530,"column":null}},"279":{"start":{"line":533,"column":8},"end":{"line":533,"column":null}},"280":{"start":{"line":536,"column":6},"end":{"line":536,"column":null}},"281":{"start":{"line":541,"column":4},"end":{"line":541,"column":null}},"282":{"start":{"line":545,"column":26},"end":{"line":545,"column":null}}},"fnMap":{"0":{"name":"(anonymous_0)","decl":{"start":{"line":18,"column":2},"end":{"line":18,"column":16}},"loc":{"start":{"line":18,"column":16},"end":{"line":36,"column":null}},"line":18},"1":{"name":"(anonymous_1)","decl":{"start":{"line":38,"column":10},"end":{"line":38,"column":32}},"loc":{"start":{"line":38,"column":32},"end":{"line":57,"column":null}},"line":38},"2":{"name":"(anonymous_2)","decl":{"start":{"line":60,"column":10},"end":{"line":60,"column":39}},"loc":{"start":{"line":60,"column":39},"end":{"line":63,"column":null}},"line":60},"3":{"name":"(anonymous_3)","decl":{"start":{"line":65,"column":10},"end":{"line":65,"column":25}},"loc":{"start":{"line":65,"column":49},"end":{"line":67,"column":null}},"line":65},"4":{"name":"(anonymous_4)","decl":{"start":{"line":69,"column":10},"end":{"line":69,"column":23}},"loc":{"start":{"line":69,"column":50},"end":{"line":74,"column":null}},"line":69},"5":{"name":"(anonymous_5)","decl":{"start":{"line":76,"column":10},"end":{"line":76,"column":26}},"loc":{"start":{"line":76,"column":53},"end":{"line":81,"column":null}},"line":76},"6":{"name":"(anonymous_6)","decl":{"start":{"line":83,"column":8},"end":{"line":83,"column":16}},"loc":{"start":{"line":83,"column":112},"end":{"line":213,"column":null}},"line":83},"7":{"name":"(anonymous_7)","decl":{"start":{"line":115,"column":44},"end":{"line":115,"column":51}},"loc":{"start":{"line":115,"column":51},"end":{"line":138,"column":9}},"line":115},"8":{"name":"(anonymous_8)","decl":{"start":{"line":141,"column":52},"end":{"line":141,"column":57}},"loc":{"start":{"line":141,"column":57},"end":{"line":141,"column":83}},"line":141},"9":{"name":"(anonymous_9)","decl":{"start":{"line":148,"column":57},"end":{"line":148,"column":63}},"loc":{"start":{"line":148,"column":63},"end":{"line":148,"column":101}},"line":148},"10":{"name":"(anonymous_10)","decl":{"start":{"line":148,"column":76},"end":{"line":148,"column":81}},"loc":{"start":{"line":148,"column":81},"end":{"line":148,"column":100}},"line":148},"11":{"name":"(anonymous_11)","decl":{"start":{"line":180,"column":26},"end":{"line":180,"column":32}},"loc":{"start":{"line":180,"column":26},"end":{"line":180,"column":86}},"line":180},"12":{"name":"(anonymous_12)","decl":{"start":{"line":196,"column":69},"end":{"line":196,"column":74}},"loc":{"start":{"line":196,"column":74},"end":{"line":196,"column":100}},"line":196},"13":{"name":"(anonymous_13)","decl":{"start":{"line":199,"column":29},"end":{"line":199,"column":35}},"loc":{"start":{"line":199,"column":29},"end":{"line":199,"column":89}},"line":199},"14":{"name":"(anonymous_14)","decl":{"start":{"line":215,"column":8},"end":{"line":215,"column":19}},"loc":{"start":{"line":215,"column":45},"end":{"line":285,"column":null}},"line":215},"15":{"name":"(anonymous_15)","decl":{"start":{"line":287,"column":8},"end":{"line":287,"column":18}},"loc":{"start":{"line":287,"column":54},"end":{"line":342,"column":null}},"line":287},"16":{"name":"(anonymous_16)","decl":{"start":{"line":344,"column":8},"end":{"line":344,"column":18}},"loc":{"start":{"line":344,"column":63},"end":{"line":427,"column":null}},"line":344},"17":{"name":"(anonymous_17)","decl":{"start":{"line":397,"column":44},"end":{"line":397,"column":49}},"loc":{"start":{"line":397,"column":49},"end":{"line":397,"column":92}},"line":397},"18":{"name":"(anonymous_18)","decl":{"start":{"line":410,"column":48},"end":{"line":410,"column":53}},"loc":{"start":{"line":410,"column":53},"end":{"line":410,"column":96}},"line":410},"19":{"name":"(anonymous_19)","decl":{"start":{"line":429,"column":8},"end":{"line":429,"column":18}},"loc":{"start":{"line":429,"column":45},"end":{"line":469,"column":null}},"line":429},"20":{"name":"(anonymous_20)","decl":{"start":{"line":456,"column":45},"end":{"line":456,"column":50}},"loc":{"start":{"line":456,"column":50},"end":{"line":456,"column":72}},"line":456},"21":{"name":"(anonymous_21)","decl":{"start":{"line":464,"column":45},"end":{"line":464,"column":50}},"loc":{"start":{"line":464,"column":50},"end":{"line":464,"column":72}},"line":464},"22":{"name":"(anonymous_22)","decl":{"start":{"line":471,"column":8},"end":{"line":471,"column":23}},"loc":{"start":{"line":471,"column":77},"end":{"line":538,"column":null}},"line":471},"23":{"name":"(anonymous_23)","decl":{"start":{"line":521,"column":54},"end":{"line":521,"column":55}},"loc":{"start":{"line":521,"column":75},"end":{"line":525,"column":13}},"line":521},"24":{"name":"(anonymous_24)","decl":{"start":{"line":522,"column":30},"end":{"line":522,"column":36}},"loc":{"start":{"line":522,"column":36},"end":{"line":522,"column":null}},"line":522},"25":{"name":"(anonymous_25)","decl":{"start":{"line":540,"column":2},"end":{"line":540,"column":26}},"loc":{"start":{"line":540,"column":26},"end":{"line":542,"column":null}},"line":540}},"branchMap":{"0":{"loc":{"start":{"line":23,"column":4},"end":{"line":35,"column":null}},"type":"if","locations":[{"start":{"line":23,"column":4},"end":{"line":35,"column":null}},{"start":{},"end":{}}],"line":23},"1":{"loc":{"start":{"line":24,"column":6},"end":{"line":34,"column":null}},"type":"if","locations":[{"start":{"line":24,"column":6},"end":{"line":34,"column":null}},{"start":{},"end":{}}],"line":24},"2":{"loc":{"start":{"line":24,"column":10},"end":{"line":24,"column":71}},"type":"binary-expr","locations":[{"start":{"line":24,"column":10},"end":{"line":24,"column":37}},{"start":{"line":24,"column":37},"end":{"line":24,"column":71}}],"line":24},"3":{"loc":{"start":{"line":28,"column":10},"end":{"line":30,"column":null}},"type":"if","locations":[{"start":{"line":28,"column":10},"end":{"line":30,"column":null}},{"start":{},"end":{}}],"line":28},"4":{"loc":{"start":{"line":44,"column":6},"end":{"line":52,"column":null}},"type":"if","locations":[{"start":{"line":44,"column":6},"end":{"line":52,"column":null}},{"start":{},"end":{}}],"line":44},"5":{"loc":{"start":{"line":62,"column":11},"end":{"line":62,"column":null}},"type":"cond-expr","locations":[{"start":{"line":62,"column":20},"end":{"line":62,"column":50}},{"start":{"line":62,"column":50},"end":{"line":62,"column":null}}],"line":62},"6":{"loc":{"start":{"line":83,"column":16},"end":{"line":83,"column":34}},"type":"default-arg","locations":[{"start":{"line":83,"column":31},"end":{"line":83,"column":34}}],"line":83},"7":{"loc":{"start":{"line":83,"column":34},"end":{"line":83,"column":57}},"type":"default-arg","locations":[{"start":{"line":83,"column":53},"end":{"line":83,"column":57}}],"line":83},"8":{"loc":{"start":{"line":83,"column":57},"end":{"line":83,"column":112}},"type":"default-arg","locations":[{"start":{"line":83,"column":74},"end":{"line":83,"column":112}}],"line":83},"9":{"loc":{"start":{"line":90,"column":8},"end":{"line":90,"column":null}},"type":"if","locations":[{"start":{"line":90,"column":8},"end":{"line":90,"column":null}},{"start":{},"end":{}}],"line":90},"10":{"loc":{"start":{"line":97,"column":8},"end":{"line":110,"column":null}},"type":"if","locations":[{"start":{"line":97,"column":8},"end":{"line":110,"column":null}},{"start":{},"end":{}}],"line":97},"11":{"loc":{"start":{"line":99,"column":10},"end":{"line":109,"column":null}},"type":"if","locations":[{"start":{"line":99,"column":10},"end":{"line":109,"column":null}},{"start":{"line":107,"column":10},"end":{"line":109,"column":null}}],"line":99},"12":{"loc":{"start":{"line":102,"column":20},"end":{"line":102,"column":null}},"type":"binary-expr","locations":[{"start":{"line":102,"column":20},"end":{"line":102,"column":42}},{"start":{"line":102,"column":42},"end":{"line":102,"column":null}}],"line":102},"13":{"loc":{"start":{"line":103,"column":24},"end":{"line":103,"column":null}},"type":"binary-expr","locations":[{"start":{"line":103,"column":24},"end":{"line":103,"column":50}},{"start":{"line":103,"column":50},"end":{"line":103,"column":null}}],"line":103},"14":{"loc":{"start":{"line":104,"column":21},"end":{"line":104,"column":null}},"type":"binary-expr","locations":[{"start":{"line":104,"column":21},"end":{"line":104,"column":44}},{"start":{"line":104,"column":44},"end":{"line":104,"column":null}}],"line":104},"15":{"loc":{"start":{"line":105,"column":26},"end":{"line":105,"column":null}},"type":"binary-expr","locations":[{"start":{"line":105,"column":26},"end":{"line":105,"column":54}},{"start":{"line":105,"column":54},"end":{"line":105,"column":null}}],"line":105},"16":{"loc":{"start":{"line":107,"column":10},"end":{"line":109,"column":null}},"type":"if","locations":[{"start":{"line":107,"column":10},"end":{"line":109,"column":null}},{"start":{},"end":{}}],"line":107},"17":{"loc":{"start":{"line":121,"column":10},"end":{"line":125,"column":null}},"type":"if","locations":[{"start":{"line":121,"column":10},"end":{"line":125,"column":null}},{"start":{},"end":{}}],"line":121},"18":{"loc":{"start":{"line":121,"column":14},"end":{"line":121,"column":39}},"type":"binary-expr","locations":[{"start":{"line":121,"column":14},"end":{"line":121,"column":28}},{"start":{"line":121,"column":28},"end":{"line":121,"column":39}}],"line":121},"19":{"loc":{"start":{"line":128,"column":31},"end":{"line":128,"column":null}},"type":"binary-expr","locations":[{"start":{"line":128,"column":31},"end":{"line":128,"column":46}},{"start":{"line":128,"column":46},"end":{"line":128,"column":null}}],"line":128},"20":{"loc":{"start":{"line":129,"column":34},"end":{"line":129,"column":null}},"type":"binary-expr","locations":[{"start":{"line":129,"column":34},"end":{"line":129,"column":49}},{"start":{"line":129,"column":49},"end":{"line":129,"column":null}}],"line":129},"21":{"loc":{"start":{"line":130,"column":31},"end":{"line":130,"column":null}},"type":"binary-expr","locations":[{"start":{"line":130,"column":31},"end":{"line":130,"column":46}},{"start":{"line":130,"column":46},"end":{"line":130,"column":null}}],"line":130},"22":{"loc":{"start":{"line":134,"column":18},"end":{"line":134,"column":null}},"type":"cond-expr","locations":[{"start":{"line":134,"column":33},"end":{"line":134,"column":51}},{"start":{"line":134,"column":51},"end":{"line":134,"column":null}}],"line":134},"23":{"loc":{"start":{"line":135,"column":21},"end":{"line":135,"column":null}},"type":"cond-expr","locations":[{"start":{"line":135,"column":39},"end":{"line":135,"column":60}},{"start":{"line":135,"column":60},"end":{"line":135,"column":null}}],"line":135},"24":{"loc":{"start":{"line":136,"column":24},"end":{"line":136,"column":null}},"type":"cond-expr","locations":[{"start":{"line":136,"column":39},"end":{"line":136,"column":63}},{"start":{"line":136,"column":63},"end":{"line":136,"column":null}}],"line":136},"25":{"loc":{"start":{"line":146,"column":8},"end":{"line":176,"column":null}},"type":"if","locations":[{"start":{"line":146,"column":8},"end":{"line":176,"column":null}},{"start":{},"end":{}}],"line":146},"26":{"loc":{"start":{"line":152,"column":12},"end":{"line":174,"column":null}},"type":"if","locations":[{"start":{"line":152,"column":12},"end":{"line":174,"column":null}},{"start":{"line":155,"column":19},"end":{"line":174,"column":null}}],"line":152},"27":{"loc":{"start":{"line":158,"column":14},"end":{"line":173,"column":null}},"type":"if","locations":[{"start":{"line":158,"column":14},"end":{"line":173,"column":null}},{"start":{"line":169,"column":21},"end":{"line":173,"column":null}}],"line":158},"28":{"loc":{"start":{"line":179,"column":29},"end":{"line":181,"column":null}},"type":"cond-expr","locations":[{"start":{"line":180,"column":12},"end":{"line":180,"column":null}},{"start":{"line":181,"column":12},"end":{"line":181,"column":null}}],"line":179},"29":{"loc":{"start":{"line":180,"column":32},"end":{"line":180,"column":46}},"type":"binary-expr","locations":[{"start":{"line":180,"column":32},"end":{"line":180,"column":42}},{"start":{"line":180,"column":42},"end":{"line":180,"column":46}}],"line":180},"30":{"loc":{"start":{"line":191,"column":8},"end":{"line":193,"column":null}},"type":"if","locations":[{"start":{"line":191,"column":8},"end":{"line":193,"column":null}},{"start":{},"end":{}}],"line":191},"31":{"loc":{"start":{"line":198,"column":29},"end":{"line":200,"column":null}},"type":"cond-expr","locations":[{"start":{"line":199,"column":12},"end":{"line":199,"column":null}},{"start":{"line":200,"column":12},"end":{"line":200,"column":null}}],"line":198},"32":{"loc":{"start":{"line":199,"column":35},"end":{"line":199,"column":49}},"type":"binary-expr","locations":[{"start":{"line":199,"column":35},"end":{"line":199,"column":45}},{"start":{"line":199,"column":45},"end":{"line":199,"column":49}}],"line":199},"33":{"loc":{"start":{"line":225,"column":32},"end":{"line":225,"column":null}},"type":"binary-expr","locations":[{"start":{"line":225,"column":32},"end":{"line":225,"column":46}},{"start":{"line":225,"column":46},"end":{"line":225,"column":null}}],"line":225},"34":{"loc":{"start":{"line":226,"column":29},"end":{"line":226,"column":null}},"type":"binary-expr","locations":[{"start":{"line":226,"column":29},"end":{"line":226,"column":43}},{"start":{"line":226,"column":43},"end":{"line":226,"column":null}}],"line":226},"35":{"loc":{"start":{"line":227,"column":29},"end":{"line":227,"column":null}},"type":"binary-expr","locations":[{"start":{"line":227,"column":29},"end":{"line":227,"column":43}},{"start":{"line":227,"column":43},"end":{"line":227,"column":null}}],"line":227},"36":{"loc":{"start":{"line":231,"column":19},"end":{"line":231,"column":null}},"type":"binary-expr","locations":[{"start":{"line":231,"column":19},"end":{"line":231,"column":44}},{"start":{"line":231,"column":44},"end":{"line":231,"column":null}}],"line":231},"37":{"loc":{"start":{"line":233,"column":19},"end":{"line":233,"column":null}},"type":"cond-expr","locations":[{"start":{"line":233,"column":37},"end":{"line":233,"column":58}},{"start":{"line":233,"column":58},"end":{"line":233,"column":null}}],"line":233},"38":{"loc":{"start":{"line":233,"column":58},"end":{"line":233,"column":null}},"type":"binary-expr","locations":[{"start":{"line":233,"column":58},"end":{"line":233,"column":83}},{"start":{"line":233,"column":83},"end":{"line":233,"column":null}}],"line":233},"39":{"loc":{"start":{"line":234,"column":22},"end":{"line":234,"column":null}},"type":"cond-expr","locations":[{"start":{"line":234,"column":37},"end":{"line":234,"column":61}},{"start":{"line":234,"column":61},"end":{"line":234,"column":null}}],"line":234},"40":{"loc":{"start":{"line":234,"column":61},"end":{"line":234,"column":null}},"type":"binary-expr","locations":[{"start":{"line":234,"column":61},"end":{"line":234,"column":89}},{"start":{"line":234,"column":89},"end":{"line":234,"column":null}}],"line":234},"41":{"loc":{"start":{"line":235,"column":16},"end":{"line":235,"column":null}},"type":"cond-expr","locations":[{"start":{"line":235,"column":31},"end":{"line":235,"column":48}},{"start":{"line":235,"column":48},"end":{"line":235,"column":null}}],"line":235},"42":{"loc":{"start":{"line":247,"column":8},"end":{"line":254,"column":null}},"type":"if","locations":[{"start":{"line":247,"column":8},"end":{"line":254,"column":null}},{"start":{},"end":{}}],"line":247},"43":{"loc":{"start":{"line":256,"column":8},"end":{"line":258,"column":null}},"type":"if","locations":[{"start":{"line":256,"column":8},"end":{"line":258,"column":null}},{"start":{},"end":{}}],"line":256},"44":{"loc":{"start":{"line":262,"column":8},"end":{"line":266,"column":null}},"type":"if","locations":[{"start":{"line":262,"column":8},"end":{"line":266,"column":null}},{"start":{},"end":{}}],"line":262},"45":{"loc":{"start":{"line":270,"column":8},"end":{"line":278,"column":null}},"type":"if","locations":[{"start":{"line":270,"column":8},"end":{"line":278,"column":null}},{"start":{},"end":{}}],"line":270},"46":{"loc":{"start":{"line":302,"column":17},"end":{"line":302,"column":null}},"type":"binary-expr","locations":[{"start":{"line":302,"column":17},"end":{"line":302,"column":39}},{"start":{"line":302,"column":39},"end":{"line":302,"column":null}}],"line":302},"47":{"loc":{"start":{"line":303,"column":20},"end":{"line":303,"column":null}},"type":"binary-expr","locations":[{"start":{"line":303,"column":20},"end":{"line":303,"column":46}},{"start":{"line":303,"column":46},"end":{"line":303,"column":null}}],"line":303},"48":{"loc":{"start":{"line":304,"column":17},"end":{"line":304,"column":null}},"type":"binary-expr","locations":[{"start":{"line":304,"column":17},"end":{"line":3
[...]
41,"s:192:8:197:Infinity":103,"s:193:10:196:Infinity":104,"s:194:33:194:Infinity":105,"s:195:12:195:Infinity":106,"b:195:36:195:72:195:72:195:Infinity":42,"s:199:29:199:Infinity":107,"s:200:28:215:Infinity":108,"b:204:14:204:Infinity:205:15:205:Infinity":43,"b:203:18:203:42:203:42:203:Infinity":44,"b:205:15:205:36:205:36:205:Infinity":45,"b:208:14:208:Infinity:209:15:209:Infinity":46,"b:207:19:207:44:207:44:207:Infinity":47,"b:209:15:209:37:209:37:209:Infinity":48,"b:211:14:211:Infinity:212:15:212:Infinity":49,"b:210:22:210:50:210:50:210:Infinity":50,"b:212:15:212:40:212:40:212:Infinity":51,"b:214:33:214:49:214:49:214:66":52,"s:217:8:217:Infinity":109,"s:219:8:219:Infinity":110,"s:220:8:220:Infinity":111,"s:221:8:221:Infinity":112,"s:222:8:222:Infinity":113,"s:224:8:224:Infinity":114,"b:225:8:227:Infinity:undefined:undefined:undefined:undefined":53,"s:225:8:227:Infinity":115,"s:226:10:226:Infinity":116,"s:229:27:229:Infinity":117,"b:230:8:233:Infinity:undefined:undefined:undefined:undefined":54,"s:230:8:233:Infinity":118,"s:231:10:231:Infinity":119,"s:232:10:232:Infinity":120,"s:236:28:236:Infinity":121,"b:237:8:244:Infinity:undefined:undefined:undefined:undefined":55,"s:237:8:244:Infinity":122,"s:238:10:243:Infinity":123,"s:239:26:239:Infinity":124,"s:240:12:240:Infinity":125,"s:241:12:241:Infinity":126,"s:242:12:242:Infinity":127,"s:246:8:246:Infinity":128,"s:249:6:249:Infinity":129,"f:253:8:253:20":14,"s:254:4:254:Infinity":130,"s:255:4:295:Infinity":131,"s:256:6:292:Infinity":132,"s:257:25:257:Infinity":133,"s:259:36:262:Infinity":134,"b:261:18:261:34:261:34:261:58:261:58:261:Infinity":56,"s:265:8:265:Infinity":135,"s:266:8:266:Infinity":136,"s:267:8:267:Infinity":137,"s:270:30:270:Infinity":138,"b:270:77:270:109:270:109:270:Infinity":57,"s:271:8:271:Infinity":139,"s:272:8:272:Infinity":140,"b:275:8:290:Infinity:undefined:undefined:undefined:undefined":58,"s:275:8:290:Infinity":141,"b:275:12:275:29:275:29:275:63:275:63:275:81":59,"s:276:10:276:Infinity":142,"s:277:34:281:Infinity":143,"b:280:20:280:36:280:36:280:Infinity":60,"s:283:10:283:Infinity":144,"s:284:10:284:Infinity":145,"s:285:10:285:Infinity":146,"s:287:32:287:Infinity":147,"s:288:10:288:Infinity":148,"s:289:10:289:Infinity":149,"s:291:8:291:Infinity":150,"s:294:6:294:Infinity":151,"f:298:8:298:20":15,"s:299:4:299:Infinity":152,"s:300:4:414:Infinity":153,"s:302:22:302:Infinity":154,"b:302:22:302:58:302:58:302:130:302:130:302:Infinity":61,"b:303:6:311:Infinity:undefined:undefined:undefined:undefined":62,"s:303:6:311:Infinity":155,"s:304:28:304:Infinity":156,"b:305:8:310:Infinity:undefined:undefined:undefined:undefined":63,"s:305:8:310:Infinity":157,"s:306:10:309:Infinity":158,"s:307:12:307:Infinity":159,"s:308:12:308:Infinity":160,"b:312:6:314:Infinity:undefined:undefined:undefined:undefined":64,"s:312:6:314:Infinity":161,"s:313:8:313:Infinity":162,"b:315:6:321:Infinity:undefined:undefined:undefined:undefined":65,"s:315:6:321:Infinity":163,"s:316:8:320:Infinity":164,"s:317:26:317:Infinity":165,"s:318:10:318:Infinity":166,"s:319:10:319:Infinity":167,"s:323:22:323:Infinity":168,"b:323:34:323:63:323:63:323:Infinity":66,"b:326:6:336:Infinity:undefined:undefined:undefined:undefined":67,"s:326:6:336:Infinity":169,"s:327:24:327:Infinity":170,"s:328:30:328:Infinity":171,"s:329:27:329:Infinity":172,"s:330:26:330:Infinity":173,"b:332:8:332:Infinity:undefined:undefined:undefined:undefined":68,"s:332:8:332:Infinity":174,"s:332:22:332:Infinity":175,"b:333:8:333:Infinity:undefined:undefined:undefined:undefined":69,"s:333:8:333:Infinity":176,"s:333:28:333:Infinity":177,"b:334:8:334:Infinity:undefined:undefined:undefined:undefined":70,"s:334:8:334:Infinity":178,"s:334:25:334:Infinity":179,"b:335:8:335:Infinity:undefined:undefined:undefined:undefined":71,"s:335:8:335:Infinity":180,"s:335:24:335:Infinity":181,"s:339:32:339:Infinity":182,"s:340:6:340:Infinity":183,"s:341:6:341:Infinity":184,"s:342:6:342:Infinity":185,"s:343:6:343:Infinity":186,"b:346:6:353:Infinity:undefined:undefined:undefined:undefined":72,"s:346:6:353:Infinity":187,"s:347:27:347:Infinity":188,"b:348:8:352:Infinity:350:15:352:Infinity":73,"s:348:8:352:Infinity":189,"b:348:12:348:25:348:25:348:62":74,"s:349:10:349:Infinity":190,"s:351:10:351:Infinity":191,"s:355:6:411:Infinity":192,"s:356:25:356:Infinity":193,"s:359:24:359:Infinity":194,"s:360:30:360:Infinity":195,"s:361:27:361:Infinity":196,"s:362:29:362:Infinity":197,"s:363:28:383:Infinity":198,"b:367:14:367:Infinity:368:14:368:Infinity":75,"b:366:18:366:42:366:42:366:Infinity":76,"b:371:14:371:Infinity:372:15:374:Infinity":77,"b:373:16:373:Infinity:374:16:374:Infinity":78,"b:372:15:372:40:372:40:372:Infinity":79,"b:377:14:377:Infinity:378:15:380:Infinity":80,"b:379:16:379:Infinity:380:16:380:Infinity":81,"b:378:15:378:43:378:43:378:Infinity":82,"b:382:43:382:68:382:68:382:108":83,"b:382:68:382:84:382:84:382:108":84,"s:386:8:386:Infinity":199,"s:387:8:387:Infinity":200,"s:388:8:388:Infinity":201,"s:389:8:389:Infinity":202,"s:391:30:391:Infinity":203,"s:392:30:392:Infinity":204,"f:392:48:392:53":16,"s:392:53:392:98":205,"b:392:83:392:97:392:97:392:98":85,"s:393:8:393:Infinity":206,"s:394:8:394:Infinity":207,"s:395:8:395:Infinity":208,"s:397:8:397:Infinity":209,"b:398:8:409:Infinity:undefined:undefined:undefined:undefined":86,"s:398:8:409:Infinity":210,"s:400:30:400:Infinity":211,"b:401:10:408:Infinity:undefined:undefined:undefined:undefined":87,"s:401:10:408:Infinity":212,"s:402:12:402:Infinity":213,"s:403:34:403:Infinity":214,"s:404:34:404:Infinity":215,"f:404:52:404:57":17,"s:404:57:404:102":216,"b:404:87:404:101:404:101:404:102":88,"s:405:12:405:Infinity":217,"s:406:12:406:Infinity":218,"s:407:12:407:Infinity":219,"s:410:8:410:Infinity":220,"s:413:6:413:Infinity":221,"f:417:8:417:20":18,"s:418:4:418:Infinity":222,"s:419:4:457:Infinity":223,"s:420:6:434:Infinity":224,"s:421:8:421:Infinity":225,"s:422:8:422:Infinity":226,"s:425:8:425:Infinity":227,"b:428:8:433:Infinity:430:15:433:Infinity":89,"s:428:8:433:Infinity":228,"b:428:12:428:29:428:29:428:63:428:63:428:97:428:97:428:131:428:131:428:149":90,"s:429:10:429:Infinity":229,"s:432:10:432:Infinity":230,"s:437:6:437:Infinity":231,"s:438:6:438:Infinity":232,"s:441:6:441:Infinity":233,"s:442:6:442:Infinity":234,"b:445:6:447:Infinity:undefined:undefined:undefined:undefined":91,"s:445:6:447:Infinity":235,"s:446:8:446:Infinity":236,"s:450:28:450:Infinity":237,"s:451:28:451:Infinity":238,"f:451:49:451:54":19,"s:451:54:451:81":239,"s:452:6:452:Infinity":240,"s:454:6:454:Infinity":241,"s:456:6:456:Infinity":242,"f:460:8:460:25":20,"s:461:21:461:Infinity":243,"s:462:4:462:Infinity":244,"s:464:4:464:Infinity":245,"s:465:4:568:Infinity":246,"s:466:6:565:Infinity":247,"s:467:25:476:Infinity":248,"s:478:23:478:Infinity":249,"b:478:23:478:53:478:53:478:Infinity":92,"b:481:8:483:Infinity:undefined:undefined:undefined:undefined":93,"s:481:8:483:Infinity":250,"b:481:12:481:38:481:38:481:58":94,"s:482:10:482:Infinity":251,"b:486:8:488:Infinity:undefined:undefined:undefined:undefined":95,"s:486:8:488:Infinity":252,"b:486:12:486:23:486:23:486:52":96,"s:487:10:487:Infinity":253,"b:487:21:487:45:487:45:487:Infinity":97,"b:491:8:494:Infinity:undefined:undefined:undefined:undefined":98,"s:491:8:494:Infinity":254,"b:491:12:491:23:491:23:491:54:491:54:491:83":99,"s:492:26:492:Infinity":255,"s:493:10:493:Infinity":256,"b:493:46:493:71:493:71:493:Infinity":100,"s:497:8:519:Infinity":257,"s:498:24:498:Infinity":258,"s:499:22:499:Infinity":259,"b:500:10:503:Infinity:undefined:undefined:undefined:undefined":101,"s:500:10:503:Infinity":260,"s:501:27:501:Infinity":261,"b:502:12:502:Infinity:undefined:undefined:undefined:undefined":102,"s:502:12:502:Infinity":262,"s:502:24:502:Infinity":263,"b:504:10:516:Infinity:undefined:undefined:undefined:undefined":103,"s:504:10:516:Infinity":264,"s:505:12:505:Infinity":265,"s:506:29:506:Infinity":266,"b:506:37:506:67:506:67:506:Infinity":104,"s:507:12:507:Infinity":267,"s:508:12:508:Infinity":268,"s:509:12:509:Infinity":269,"b:510:12:512:Infinity:undefined:undefined:undefined:undefined":105,"s:510:12:512:Infinity":270,"s:511:14:511:Infinity":271,"s:513:34:513:Infinity":272,"s:514:34:514:Infinity":273,"f:514:52:514:57":21,"s:514:57:514:109":274,"b:514:82:514:108:514:108:514:109":106,"s:515:12:515:Infinity":275,"s:518:10:518:Infinity":276,"s:521:8:521:Infinity":277,"s:522:8:522:Infinity":278,"s:524:8:524:Infinity":279,"b:525:8:547:Infinity:undefined:undefined:undefined:undefined":107,"s:525:8:547:Infinity":280,"s:526:10:526:Infinity":281,"s:528:10:528:Infinity":282,"s:529:10:529:Infinity":283,"s:530:10:530:Infinity":284,"b:532:10:545:Infinity:undefined:undefined:undefined:undefined":108,"s:532:10:545:Infinity":285,"s:533:12:533:Infinity":286,"s:534:12:544:Infinity":287,"s:535:29:535:Infinity":288,"s:536:30:540:Infinity":289,"f:536:56:536:57":22,"s:537:16:537:Infinity":290,"f:537:32:537:38":23,"s:537:38:537:Infinity":291,"s:538:16:538:Infinity":292,"s:539:16:539:Infinity":293,"s:541:14:541:Infinity":294,"s:543:14:543:Infinity":295,"s:546:10:546:Infinity":296,"b:549:8:563:Infinity:undefined:undefined:undefined:undefined":109,"s:549:8:563:Infinity":297,"b:549:12:549:29:549:29:549:63:549:63:549:82:549:82:549:118":110,"s:550:10:550:Infinity":298,"s:551:10:562:Infinity":299,"s:552:27:552:Infinity":300,"s:553:28:557:Infinity":301,"f:553:54:553:55":24,"s:554:14:554:Infinity":302,"f:554:30:554:36":25,"s:554:36:554:Infinity":303,"s:555:14:555:Infinity":304,"s:556:14:556:Infinity":305,"s:558:12:558:Infinity":306,"s:560:12:560:Infinity":307,"s:561:12:561:Infinity":308,"s:564:8:564:Infinity":309,"s:567:6:567:Infinity":310,"f:571:8:571:28":26,"s:572:22:578:Infinity":311,"s:579:23:579:Infinity":312,"s:581:4:581:Infinity":313,"s:582:25:582:Infinity":314,"s:583:4:652:Infinity":315,"s:584:6:644:Infinity":316,"s:585:8:643:Infinity":317,"s:586:27:586:Infinity":318,"s:587:10:587:Infinity":319,"s:588:10:642:Infinity":320,"s:589:12:589:Infinity":321,"s:590:29:592:Infinity":322,"s:595:25:595:Infinity":323,"b:595:25:595:47:595:47:595:75:595:75:595:98:595:98:595:Infinity":111,"b:596:12:596:Infinity:undefined:undefined:undefined:undefined":112,"s:596:12:596:Infinity":324,"b:596:16:596:41:596:41:596:60":113,"s:596:60:596:Infinity":325,"b:597:12:597:Infinity:undefined:undefined:undefined:undefined":114,"s:597:12:597:Infinity":326,"s:597:44:597:Infinity":327,"b:597:53:597:68:597:68:597:89:597:89:597:105:597:105:597:Infinity":115,"b:598:12:601:Infinity:undefined:undefined:undefined:undefined":116,"s:598:12:601:Infinity":328,"b:598:16:598:26:598:26:598:56:598:56:598:84":117,"s:599:30:599:Infinity":329,"s:600:14:600:Infinity":330,"s:604:12:628:Infinity":331,"s:605:28:605:Infinity":332,"s:606:26:606:Infinity":333,"b:607:14:610:Infinity:undefined:undefined:undefined:undefined":118,"s:607:14:610:Infinity":334,"s:608:31:608:Infinity":335,"b:609:16:609:Infinity:undefined:undefined:undefined:undefined":119,"s:609:16:609:Infinity":336,"s:609:28:609:Infinity":337,"b:611:14:625:Infinity:undefined:undefined:undefined:undefined":120,"s:611:14:625:Infinity":338,"s:612:35:612:Infinity":339,"b:612:69:612:96:612:96:612:Infinity":121,"s:613:16:613:Infinity":340,"s:614:16:614:Infinity":341,"s:615:16:615:Infinity":342,"s:616:16:616:Infinity":343,"s:617:16:617:Infinity":344,"b:618:16:620:Infinity:undefined:undefined:undefined:undefined":122,"s:618:16:620:Infinity":345,"s:619:18:619:Infinity":346,"s:622:38:622:Infinity":347,"s:623:38:623:Infinity":348,"f:623:56:623:61":27,"s:623:61:623:95":349,"b:623:86:623:94:623:94:623:95":123,"s:624:16:624:Infinity":350,"s:627:14:627:Infinity":351,"s:630:12:630:Infinity":352,"s:632:12:632:Infinity":353,"b:634:12:639:Infinity:undefined:undefined:undefined:undefined":124,"s:634:12:639:Infinity":354,"s:635:14:635:Infinity":355,"s:636:14:636:Infinity":356,"s:637:14:637:Infinity":357,"s:638:14:638:Infinity":358,"s:641:12:641:Infinity":359,"s:647:6:647:Infinity":360,"b:648:6:648:Infinity:undefined:undefined:undefined:undefined":125,"s:648:6:648:Infinity":361,"s:648:21:648:Infinity":362,"s:649:6:649:Infinity":363,"s:651:6:651:Infinity":364,"f:655:2:655:28":28,"s:656:4:656:Infinity":365,"f:659:8:659:16":29,"s:660:4:689:Infinity":366,"s:661:6:661:Infinity":367,"s:664:6:688:Infinity":368,"s:665:22:665:Infinity":369,"s:666:20:666:Infinity":370,"b:667:8:672:Infinity:undefined:undefined:undefined:undefined":126,"s:667:8:672:Infinity":371,"s:668:25:668:Infinity":372,"b:669:10:671:Infinity:undefined:undefined:undefined:undefined":127,"s:669:10:671:Infinity":373,"s:670:12:670:Infinity":374,"b:673:8:685:Infinity:undefined:undefined:undefined:undefined":128,"s:673:8:685:Infinity":375,"s:674:25:674:Infinity":376,"b:674:55:674:82:674:82:674:Infinity":129,"b:675:10:684:Infinity:undefined:undefined:undefined:undefined":130,"s:675:10:684:Infinity":377,"s:676:12:676:Infinity":378,"s:677:12:677:Infinity":379,"s:678:12:678:Infinity":380,"s:679:12:679:Infinity":381,"s:680:12:680:Infinity":382,"b:681:12:683:Infinity:undefined:undefined:undefined:undefined":131,"s:681:12:683:Infinity":383,"s:682:14:682:Infinity":384,"s:687:8:687:Infinity":385,"f:692:8:692:18":30,"s:693:4:719:Infinity":386,"s:694:6:694:Infinity":387,"s:697:6:718:Infinity":388,"s:698:22:698:Infinity":389,"s:699:20:699:Infinity":390,"b:700:8:705:Infinity:undefined:undefined:undefined:undefined":132,"s:700:8:705:Infinity":391,"s:701:25:701:Infinity":392,"b:702:10:704:Infinity:undefined:undefined:undefined:undefined":133,"s:702:10:704:Infinity":393,"s:703:12:703:Infinity":394,"b:706:8:715:Infinity:undefined:undefined:undefined:undefined":134,"s:706:8:715:Infinity":395,"b:706:12:706:21:706:21:706:50":135,"s:707:25:707:Infinity":396,"f:707:57:707:64":31,"s:707:64:707:85":397,"s:708:10:708:Infinity":398,"s:709:10:709:Infinity":399,"s:710:10:710:Infinity":400,"s:711:10:711:Infinity":401,"b:712:10:714:Infinity:undefined:undefined:undefined:undefined":136,"s:712:10:714:Infinity":402,"s:713:12:713:Infinity":403,"s:717:8:717:Infinity":404,"s:723:28:723:Infinity":405}}}
,"C:\\Users\\alessandaramos\\Downloads\\alessandraramos062184-master\\src\\utils\\formatters.ts": {"path":"C:\\Users\\alessandaramos\\Downloads\\alessandraramos062184-master\\src\\utils\\formatters.ts","statementMap":{"0":{"start":{"line":1,"column":33},"end":{"line":9,"column":null}},"1":{"start":{"line":2,"column":18},"end":{"line":2,"column":null}},"2":{"start":{"line":3,"column":2},"end":{"line":7,"column":null}},"3":{"start":{"line":4,"column":4},"end":{"line":4,"column":null}},"4":{"start":{"line":5,"column":2},"end":{"line":7,"column":null}},"5":{"start":{"line":6,"column":4},"end":{"line":6,"column":null}},"6":{"start":{"line":8,"column":2},"end":{"line":8,"column":null}},"7":{"start":{"line":11,"column":32},"end":{"line":13,"column":null}},"8":{"start":{"line":12,"column":2},"end":{"line":12,"column":null}},"9":{"start":{"line":15,"column":26},"end":{"line":18,"column":null}},"10":{"start":{"line":16,"column":12},"end":{"line":16,"column":null}},"11":{"start":{"line":17,"column":2},"end":{"line":17,"column":null}},"12":{"start":{"line":20,"column":28},"end":{"line":29,"column":null}},"13":{"start":{"line":21,"column":16},"end":{"line":21,"column":null}},"14":{"start":{"line":22,"column":16},"end":{"line":22,"column":null}},"15":{"start":{"line":23,"column":12},"end":{"line":23,"column":null}},"16":{"start":{"line":24,"column":20},"end":{"line":24,"column":null}},"17":{"start":{"line":25,"column":2},"end":{"line":27,"column":null}},"18":{"start":{"line":26,"column":4},"end":{"line":26,"column":null}},"19":{"start":{"line":28,"column":2},"end":{"line":28,"column":null}},"20":{"start":{"line":31,"column":24},"end":{"line":40,"column":null}},"21":{"start":{"line":36,"column":2},"end":{"line":39,"column":null}},"22":{"start":{"line":37,"column":4},"end":{"line":37,"column":null}},"23":{"start":{"line":38,"column":4},"end":{"line":38,"column":null}},"24":{"start":{"line":38,"column":31},"end":{"line":38,"column":46}}},"fnMap":{"0":{"name":"(anonymous_0)","decl":{"start":{"line":1,"column":33},"end":{"line":1,"column":34}},"loc":{"start":{"line":1,"column":60},"end":{"line":9,"column":null}},"line":1},"1":{"name":"(anonymous_1)","decl":{"start":{"line":11,"column":32},"end":{"line":11,"column":33}},"loc":{"start":{"line":11,"column":59},"end":{"line":13,"column":null}},"line":11},"2":{"name":"(anonymous_2)","decl":{"start":{"line":15,"column":26},"end":{"line":15,"column":27}},"loc":{"start":{"line":15,"column":59},"end":{"line":18,"column":null}},"line":15},"3":{"name":"(anonymous_3)","decl":{"start":{"line":20,"column":28},"end":{"line":20,"column":29}},"loc":{"start":{"line":20,"column":66},"end":{"line":29,"column":null}},"line":20},"4":{"name":"(anonymous_4)","decl":{"start":{"line":31,"column":24},"end":{"line":31,"column":null}},"loc":{"start":{"line":34,"column":41},"end":{"line":40,"column":null}},"line":34},"5":{"name":"(anonymous_5)","decl":{"start":{"line":36,"column":9},"end":{"line":36,"column":13}},"loc":{"start":{"line":36,"column":37},"end":{"line":39,"column":null}},"line":36},"6":{"name":"(anonymous_6)","decl":{"start":{"line":38,"column":25},"end":{"line":38,"column":31}},"loc":{"start":{"line":38,"column":31},"end":{"line":38,"column":46}},"line":38}},"branchMap":{"0":{"loc":{"start":{"line":3,"column":2},"end":{"line":7,"column":null}},"type":"if","locations":[{"start":{"line":3,"column":2},"end":{"line":7,"column":null}},{"start":{"line":5,"column":2},"end":{"line":7,"column":null}}],"line":3},"1":{"loc":{"start":{"line":5,"column":2},"end":{"line":7,"column":null}},"type":"if","locations":[{"start":{"line":5,"column":2},"end":{"line":7,"column":null}},{"start":{},"end":{}}],"line":5},"2":{"loc":{"start":{"line":16,"column":12},"end":{"line":16,"column":null}},"type":"cond-expr","locations":[{"start":{"line":16,"column":39},"end":{"line":16,"column":56}},{"start":{"line":16,"column":56},"end":{"line":16,"column":null}}],"line":16},"3":{"loc":{"start":{"line":22,"column":16},"end":{"line":22,"column":null}},"type":"cond-expr","locations":[{"start":{"line":22,"column":48},"end":{"line":22,"column":70}},{"start":{"line":22,"column":70},"end":{"line":22,"column":null}}],"line":22},"4":{"loc":{"start":{"line":25,"column":2},"end":{"line":27,"column":null}},"type":"if","locations":[{"start":{"line":25,"column":2},"end":{"line":27,"column":null}},{"start":{},"end":{}}],"line":25},"5":{"loc":{"start":{"line":25,"column":6},"end":{"line":25,"column":79}},"type":"binary-expr","locations":[{"start":{"line":25,"column":6},"end":{"line":25,"column":24}},{"start":{"line":25,"column":24},"end":{"line":25,"column":43}},{"start":{"line":25,"column":43},"end":{"line":25,"column":79}}],"line":25}},"s":{"0":1,"1":6,"2":6,"3":2,"4":4,"5":1,"6":3,"7":1,"8":4,"9":1,"10":3,"11":3,"12":1,"13":4,"14":4,"15":4,"16":4,"17":4,"18":3,"19":4,"20":1,"21":4,"22":9,"23":9,"24":5},"f":{"0":6,"1":4,"2":3,"3":4,"4":4,"5":9,"6":5},"b":{"0":[2,4],"1":[1,3],"2":[1,2],"3":[1,3],"4":[3,1],"5":[4,1,1]},"meta":{"lastBranch":6,"lastFunction":7,"lastStatement":25,"seen":{"s:1:33:9:Infinity":0,"f:1:33:1:34":0,"s:2:18:2:Infinity":1,"b:3:2:7:Infinity:5:2:7:Infinity":0,"s:3:2:7:Infinity":2,"s:4:4:4:Infinity":3,"b:5:2:7:Infinity:undefined:undefined:undefined:undefined":1,"s:5:2:7:Infinity":4,"s:6:4:6:Infinity":5,"s:8:2:8:Infinity":6,"s:11:32:13:Infinity":7,"f:11:32:11:33":1,"s:12:2:12:Infinity":8,"s:15:26:18:Infinity":9,"f:15:26:15:27":2,"s:16:12:16:Infinity":10,"b:16:39:16:56:16:56:16:Infinity":2,"s:17:2:17:Infinity":11,"s:20:28:29:Infinity":12,"f:20:28:20:29":3,"s:21:16:21:Infinity":13,"s:22:16:22:Infinity":14,"b:22:48:22:70:22:70:22:Infinity":3,"s:23:12:23:Infinity":15,"s:24:20:24:Infinity":16,"b:25:2:27:Infinity:undefined:undefined:undefined:undefined":4,"s:25:2:27:Infinity":17,"b:25:6:25:24:25:24:25:43:25:43:25:79":5,"s:26:4:26:Infinity":18,"s:28:2:28:Infinity":19,"s:31:24:40:Infinity":20,"f:31:24:31:Infinity":4,"s:36:2:39:Infinity":21,"f:36:9:36:13":5,"s:37:4:37:Infinity":22,"s:38:4:38:Infinity":23,"f:38:25:38:31":6,"s:38:31:38:46":24}}}
}
